#
# There is insufficient memory for the Java Runtime Environment to continue.
# Native memory allocation (malloc) failed to allocate 1203696 bytes for Chunk::new
# Possible reasons:
#   The system is out of physical RAM or swap space
#   The process is running with CompressedOops enabled, and the Java Heap may be blocking the growth of the native heap
# Possible solutions:
#   Reduce memory load on the system
#   Increase physical memory or swap space
#   Check if swap backing store is full
#   Decrease Java heap size (-Xmx/-Xms)
#   Decrease number of Java threads
#   Decrease Java thread stack sizes (-Xss)
#   Set larger code cache with -XX:ReservedCodeCacheSize=
#   JVM is running with Unscaled Compressed Oops mode in which the Java heap is
#     placed in the first 4GB address space. The Java Heap base address is the
#     maximum limit for the native heap growth. Please use -XX:HeapBaseMinAddress
#     to set the Java Heap base and to place the Java Heap above 4GB virtual address.
# This output file may be truncated or incomplete.
#
#  Out of Memory Error (arena.cpp:184), pid=14024, tid=18080
#
# JRE version: OpenJDK Runtime Environment (19.0.2+7) (build 19.0.2+7-44)
# Java VM: OpenJDK 64-Bit Server VM (19.0.2+7-44, mixed mode, sharing, tiered, compressed oops, compressed class ptrs, g1 gc, windows-amd64)
# No core dump will be written. Minidumps are not enabled by default on client versions of Windows
#

---------------  S U M M A R Y ------------

Command Line: -Dfile.encoding=windows-1252 -Duser.country=TR -Duser.language=tr -Duser.variant org.example.Main

Host: 11th Gen Intel(R) Core(TM) i5-1135G7 @ 2.40GHz, 8 cores, 7G,  Windows 11 , 64 bit Build 22621 (10.0.22621.2506)
Time: Thu Dec 28 22:00:32 2023 Azerbaycan Standart Saati elapsed time: 0.995401 seconds (0d 0h 0m 0s)

---------------  T H R E A D  ---------------

Current thread (0x000001aa08bfa5e0):  JavaThread "C2 CompilerThread1" daemon [_thread_in_native, id=18080, stack(0x000000a1d7100000,0x000000a1d7200000)]


Current CompileTask:
C2:    995 1430 % !   4       com.sun.crypto.provider.PBKDF2KeyImpl::deriveKey @ 191 (295 bytes)

Stack: [0x000000a1d7100000,0x000000a1d7200000]
Native frames: (J=compiled Java code, j=interpreted, Vv=VM code, C=native code)
V  [jvm.dll+0x6ee21a]
V  [jvm.dll+0x85765e]
V  [jvm.dll+0x85904e]
V  [jvm.dll+0x859703]
V  [jvm.dll+0x28298f]
V  [jvm.dll+0xc9adf]
V  [jvm.dll+0xc9e65]
V  [jvm.dll+0x3bca12]
V  [jvm.dll+0x3860e1]
V  [jvm.dll+0x38555a]
V  [jvm.dll+0x24c3d9]
V  [jvm.dll+0x24b781]
V  [jvm.dll+0x1d6ce1]
V  [jvm.dll+0x25b25a]
V  [jvm.dll+0x2596e8]
V  [jvm.dll+0x807588]
V  [jvm.dll+0x80125a]
V  [jvm.dll+0x6ecf0b]
C  [ucrtbase.dll+0x29363]
C  [KERNEL32.DLL+0x1257d]
C  [ntdll.dll+0x5aa58]


---------------  P R O C E S S  ---------------

Threads class SMR info:
_java_thread_list=0x000001aa09101fb0, length=14, elements={
0x000001aa6518b810, 0x000001aa7f8b6a50, 0x000001aa7f8b7640, 0x000001aa7f8b8ac0,
0x000001aa7f8b97a0, 0x000001aa7f8bbad0, 0x000001aa7f8be500, 0x000001aa7f8bf9f0,
0x000001aa7f8c63c0, 0x000001aa7f8ebd60, 0x000001aa08112da0, 0x000001aa08114b30,
0x000001aa08bfa5e0, 0x000001aa09124040
}

Java Threads: ( => current thread )
  0x000001aa6518b810 JavaThread "main" [_thread_in_vm, id=13380, stack(0x000000a1d5e00000,0x000000a1d5f00000)]
  0x000001aa7f8b6a50 JavaThread "Reference Handler" daemon [_thread_blocked, id=5520, stack(0x000000a1d6500000,0x000000a1d6600000)]
  0x000001aa7f8b7640 JavaThread "Finalizer" daemon [_thread_blocked, id=8856, stack(0x000000a1d6600000,0x000000a1d6700000)]
  0x000001aa7f8b8ac0 JavaThread "Signal Dispatcher" daemon [_thread_blocked, id=18264, stack(0x000000a1d6700000,0x000000a1d6800000)]
  0x000001aa7f8b97a0 JavaThread "Attach Listener" daemon [_thread_blocked, id=12768, stack(0x000000a1d6800000,0x000000a1d6900000)]
  0x000001aa7f8bbad0 JavaThread "Service Thread" daemon [_thread_blocked, id=15916, stack(0x000000a1d6900000,0x000000a1d6a00000)]
  0x000001aa7f8be500 JavaThread "Monitor Deflation Thread" daemon [_thread_blocked, id=15192, stack(0x000000a1d6a00000,0x000000a1d6b00000)]
  0x000001aa7f8bf9f0 JavaThread "C2 CompilerThread0" daemon [_thread_in_native, id=552, stack(0x000000a1d6b00000,0x000000a1d6c00000)]
  0x000001aa7f8c63c0 JavaThread "C1 CompilerThread0" daemon [_thread_blocked, id=12924, stack(0x000000a1d6c00000,0x000000a1d6d00000)]
  0x000001aa7f8ebd60 JavaThread "Sweeper thread" daemon [_thread_blocked, id=14504, stack(0x000000a1d6d00000,0x000000a1d6e00000)]
  0x000001aa08112da0 JavaThread "Notification Thread" daemon [_thread_blocked, id=15844, stack(0x000000a1d6e00000,0x000000a1d6f00000)]
  0x000001aa08114b30 JavaThread "Common-Cleaner" daemon [_thread_blocked, id=14188, stack(0x000000a1d7000000,0x000000a1d7100000)]
=>0x000001aa08bfa5e0 JavaThread "C2 CompilerThread1" daemon [_thread_in_native, id=18080, stack(0x000000a1d7100000,0x000000a1d7200000)]
  0x000001aa09124040 JavaThread "Hibernate Connection Pool Validation Thread" daemon [_thread_blocked, id=8804, stack(0x000000a1d7200000,0x000000a1d7300000)]

Other Threads:
  0x000001aa7f89b340 VMThread "VM Thread" [stack: 0x000000a1d6400000,0x000000a1d6500000] [id=17932]
  0x000001aa081134a0 WatcherThread "VM Periodic Task Thread" [stack: 0x000000a1d6f00000,0x000000a1d7000000] [id=4004]
  0x000001aa651ecd90 WorkerThread "GC Thread#0" [stack: 0x000000a1d5f00000,0x000000a1d6000000] [id=10040]
  0x000001aa08ad1d70 WorkerThread "GC Thread#1" [stack: 0x000000a1d7300000,0x000000a1d7400000] [id=16344]
  0x000001aa08b5ffa0 WorkerThread "GC Thread#2" [stack: 0x000000a1d7400000,0x000000a1d7500000] [id=18112]
  0x000001aa08bce4b0 WorkerThread "GC Thread#3" [stack: 0x000000a1d7500000,0x000000a1d7600000] [id=8924]
  0x000001aa08bd7240 WorkerThread "GC Thread#4" [stack: 0x000000a1d7600000,0x000000a1d7700000] [id=16640]
  0x000001aa08bd77e0 WorkerThread "GC Thread#5" [stack: 0x000000a1d7700000,0x000000a1d7800000] [id=8808]
  0x000001aa08bd8050 WorkerThread "GC Thread#6" [stack: 0x000000a1d7800000,0x000000a1d7900000] [id=18376]
  0x000001aa08bd8320 WorkerThread "GC Thread#7" [stack: 0x000000a1d7900000,0x000000a1d7a00000] [id=5968]
  0x000001aa651fe380 ConcurrentGCThread "G1 Main Marker" [stack: 0x000000a1d6000000,0x000000a1d6100000] [id=16056]
  0x000001aa651fedb0 WorkerThread "G1 Conc#0" [stack: 0x000000a1d6100000,0x000000a1d6200000] [id=11252]
  0x000001aa6524d1d0 ConcurrentGCThread "G1 Refine#0" [stack: 0x000000a1d6200000,0x000000a1d6300000] [id=16896]
  0x000001aa6524dd10 ConcurrentGCThread "G1 Service" [stack: 0x000000a1d6300000,0x000000a1d6400000] [id=12632]

Threads with active compile tasks:
C2 CompilerThread0     1086 1542   !   4       java.net.URL::<init> (543 bytes)
C2 CompilerThread1     1086 1430 % !   4       com.sun.crypto.provider.PBKDF2KeyImpl::deriveKey @ 191 (295 bytes)

VM state: not at safepoint (normal execution)

VM Mutex/Monitor currently owned by a thread:  ([mutex/lock_event])
[0x000001aa6307c660] Metaspace_lock - owner thread: 0x000001aa6518b810

Heap address: 0x0000000084c00000, size: 1972 MB, Compressed Oops mode: 32-bit

CDS archive(s) mapped at: [0x0000000800000000-0x0000000800c40000-0x0000000800c40000), size 12845056, SharedBaseAddress: 0x0000000800000000, ArchiveRelocationMode: 0.
Compressed class space mapped at: 0x0000000801000000-0x0000000841000000, reserved size: 1073741824
Narrow klass base: 0x0000000800000000, Narrow klass shift: 0, Narrow klass range: 0x100000000

GC Precious Log:
 CardTable entry size: 512
 Card Set container configuration: InlinePtr #cards 5 size 8 Array Of Cards #cards 12 size 40 Howl #buckets 4 coarsen threshold 1843 Howl Bitmap #cards 512 size 80 coarsen threshold 460 Card regions per heap region 1 cards per card region 2048
 CPUs: 8 total, 8 available
 Memory: 7884M
 Large Page Support: Disabled
 NUMA Support: Disabled
 Compressed Oops: Enabled (32-bit)
 Heap Region Size: 1M
 Heap Min Capacity: 8M
 Heap Initial Capacity: 124M
 Heap Max Capacity: 1972M
 Pre-touch: Disabled
 Parallel Workers: 8
 Concurrent Workers: 2
 Concurrent Refinement Workers: 8
 Periodic GC: Disabled

Heap:
 garbage-first heap   total 126976K, used 21316K [0x0000000084c00000, 0x0000000100000000)
  region size 1024K, 20 young (20480K), 3 survivors (3072K)
 Metaspace       used 16470K, committed 16640K, reserved 1114112K
  class space    used 1964K, committed 2048K, reserved 1048576K

Heap Regions: E=young(eden), S=young(survivor), O=old, HS=humongous(starts), HC=humongous(continues), CS=collection set, F=free, OA=open archive, CA=closed archive, TAMS=top-at-mark-start (previous, next)
|   0|0x0000000084c00000, 0x0000000084d00000, 0x0000000084d00000|100%|HS|  |TAMS 0x0000000084c00000, 0x0000000084c00000| Complete 
|   1|0x0000000084d00000, 0x0000000084dd1200, 0x0000000084e00000| 81%| O|  |TAMS 0x0000000084d00000, 0x0000000084d00000| Untracked 
|   2|0x0000000084e00000, 0x0000000084e00000, 0x0000000084f00000|  0%| F|  |TAMS 0x0000000084e00000, 0x0000000084e00000| Untracked 
|   3|0x0000000084f00000, 0x0000000084f00000, 0x0000000085000000|  0%| F|  |TAMS 0x0000000084f00000, 0x0000000084f00000| Untracked 
|   4|0x0000000085000000, 0x0000000085000000, 0x0000000085100000|  0%| F|  |TAMS 0x0000000085000000, 0x0000000085000000| Untracked 
|   5|0x0000000085100000, 0x0000000085100000, 0x0000000085200000|  0%| F|  |TAMS 0x0000000085100000, 0x0000000085100000| Untracked 
|   6|0x0000000085200000, 0x0000000085200000, 0x0000000085300000|  0%| F|  |TAMS 0x0000000085200000, 0x0000000085200000| Untracked 
|   7|0x0000000085300000, 0x0000000085300000, 0x0000000085400000|  0%| F|  |TAMS 0x0000000085300000, 0x0000000085300000| Untracked 
|   8|0x0000000085400000, 0x0000000085400000, 0x0000000085500000|  0%| F|  |TAMS 0x0000000085400000, 0x0000000085400000| Untracked 
|   9|0x0000000085500000, 0x0000000085500000, 0x0000000085600000|  0%| F|  |TAMS 0x0000000085500000, 0x0000000085500000| Untracked 
|  10|0x0000000085600000, 0x0000000085600000, 0x0000000085700000|  0%| F|  |TAMS 0x0000000085600000, 0x0000000085600000| Untracked 
|  11|0x0000000085700000, 0x0000000085700000, 0x0000000085800000|  0%| F|  |TAMS 0x0000000085700000, 0x0000000085700000| Untracked 
|  12|0x0000000085800000, 0x0000000085800000, 0x0000000085900000|  0%| F|  |TAMS 0x0000000085800000, 0x0000000085800000| Untracked 
|  13|0x0000000085900000, 0x0000000085900000, 0x0000000085a00000|  0%| F|  |TAMS 0x0000000085900000, 0x0000000085900000| Untracked 
|  14|0x0000000085a00000, 0x0000000085a00000, 0x0000000085b00000|  0%| F|  |TAMS 0x0000000085a00000, 0x0000000085a00000| Untracked 
|  15|0x0000000085b00000, 0x0000000085b00000, 0x0000000085c00000|  0%| F|  |TAMS 0x0000000085b00000, 0x0000000085b00000| Untracked 
|  16|0x0000000085c00000, 0x0000000085c00000, 0x0000000085d00000|  0%| F|  |TAMS 0x0000000085c00000, 0x0000000085c00000| Untracked 
|  17|0x0000000085d00000, 0x0000000085d00000, 0x0000000085e00000|  0%| F|  |TAMS 0x0000000085d00000, 0x0000000085d00000| Untracked 
|  18|0x0000000085e00000, 0x0000000085e00000, 0x0000000085f00000|  0%| F|  |TAMS 0x0000000085e00000, 0x0000000085e00000| Untracked 
|  19|0x0000000085f00000, 0x0000000085f00000, 0x0000000086000000|  0%| F|  |TAMS 0x0000000085f00000, 0x0000000085f00000| Untracked 
|  20|0x0000000086000000, 0x0000000086000000, 0x0000000086100000|  0%| F|  |TAMS 0x0000000086000000, 0x0000000086000000| Untracked 
|  21|0x0000000086100000, 0x0000000086100000, 0x0000000086200000|  0%| F|  |TAMS 0x0000000086100000, 0x0000000086100000| Untracked 
|  22|0x0000000086200000, 0x0000000086200000, 0x0000000086300000|  0%| F|  |TAMS 0x0000000086200000, 0x0000000086200000| Untracked 
|  23|0x0000000086300000, 0x0000000086300000, 0x0000000086400000|  0%| F|  |TAMS 0x0000000086300000, 0x0000000086300000| Untracked 
|  24|0x0000000086400000, 0x0000000086400000, 0x0000000086500000|  0%| F|  |TAMS 0x0000000086400000, 0x0000000086400000| Untracked 
|  25|0x0000000086500000, 0x0000000086500000, 0x0000000086600000|  0%| F|  |TAMS 0x0000000086500000, 0x0000000086500000| Untracked 
|  26|0x0000000086600000, 0x0000000086600000, 0x0000000086700000|  0%| F|  |TAMS 0x0000000086600000, 0x0000000086600000| Untracked 
|  27|0x0000000086700000, 0x0000000086700000, 0x0000000086800000|  0%| F|  |TAMS 0x0000000086700000, 0x0000000086700000| Untracked 
|  28|0x0000000086800000, 0x0000000086800000, 0x0000000086900000|  0%| F|  |TAMS 0x0000000086800000, 0x0000000086800000| Untracked 
|  29|0x0000000086900000, 0x0000000086900000, 0x0000000086a00000|  0%| F|  |TAMS 0x0000000086900000, 0x0000000086900000| Untracked 
|  30|0x0000000086a00000, 0x0000000086a00000, 0x0000000086b00000|  0%| F|  |TAMS 0x0000000086a00000, 0x0000000086a00000| Untracked 
|  31|0x0000000086b00000, 0x0000000086b00000, 0x0000000086c00000|  0%| F|  |TAMS 0x0000000086b00000, 0x0000000086b00000| Untracked 
|  32|0x0000000086c00000, 0x0000000086c00000, 0x0000000086d00000|  0%| F|  |TAMS 0x0000000086c00000, 0x0000000086c00000| Untracked 
|  33|0x0000000086d00000, 0x0000000086d00000, 0x0000000086e00000|  0%| F|  |TAMS 0x0000000086d00000, 0x0000000086d00000| Untracked 
|  34|0x0000000086e00000, 0x0000000086e00000, 0x0000000086f00000|  0%| F|  |TAMS 0x0000000086e00000, 0x0000000086e00000| Untracked 
|  35|0x0000000086f00000, 0x0000000086f00000, 0x0000000087000000|  0%| F|  |TAMS 0x0000000086f00000, 0x0000000086f00000| Untracked 
|  36|0x0000000087000000, 0x0000000087000000, 0x0000000087100000|  0%| F|  |TAMS 0x0000000087000000, 0x0000000087000000| Untracked 
|  37|0x0000000087100000, 0x0000000087100000, 0x0000000087200000|  0%| F|  |TAMS 0x0000000087100000, 0x0000000087100000| Untracked 
|  38|0x0000000087200000, 0x0000000087200000, 0x0000000087300000|  0%| F|  |TAMS 0x0000000087200000, 0x0000000087200000| Untracked 
|  39|0x0000000087300000, 0x0000000087300000, 0x0000000087400000|  0%| F|  |TAMS 0x0000000087300000, 0x0000000087300000| Untracked 
|  40|0x0000000087400000, 0x0000000087400000, 0x0000000087500000|  0%| F|  |TAMS 0x0000000087400000, 0x0000000087400000| Untracked 
|  41|0x0000000087500000, 0x0000000087500000, 0x0000000087600000|  0%| F|  |TAMS 0x0000000087500000, 0x0000000087500000| Untracked 
|  42|0x0000000087600000, 0x0000000087600000, 0x0000000087700000|  0%| F|  |TAMS 0x0000000087600000, 0x0000000087600000| Untracked 
|  43|0x0000000087700000, 0x0000000087700000, 0x0000000087800000|  0%| F|  |TAMS 0x0000000087700000, 0x0000000087700000| Untracked 
|  44|0x0000000087800000, 0x0000000087800000, 0x0000000087900000|  0%| F|  |TAMS 0x0000000087800000, 0x0000000087800000| Untracked 
|  45|0x0000000087900000, 0x0000000087900000, 0x0000000087a00000|  0%| F|  |TAMS 0x0000000087900000, 0x0000000087900000| Untracked 
|  46|0x0000000087a00000, 0x0000000087a00000, 0x0000000087b00000|  0%| F|  |TAMS 0x0000000087a00000, 0x0000000087a00000| Untracked 
|  47|0x0000000087b00000, 0x0000000087b00000, 0x0000000087c00000|  0%| F|  |TAMS 0x0000000087b00000, 0x0000000087b00000| Untracked 
|  48|0x0000000087c00000, 0x0000000087c00000, 0x0000000087d00000|  0%| F|  |TAMS 0x0000000087c00000, 0x0000000087c00000| Untracked 
|  49|0x0000000087d00000, 0x0000000087d00000, 0x0000000087e00000|  0%| F|  |TAMS 0x0000000087d00000, 0x0000000087d00000| Untracked 
|  50|0x0000000087e00000, 0x0000000087e00000, 0x0000000087f00000|  0%| F|  |TAMS 0x0000000087e00000, 0x0000000087e00000| Untracked 
|  51|0x0000000087f00000, 0x0000000087f00000, 0x0000000088000000|  0%| F|  |TAMS 0x0000000087f00000, 0x0000000087f00000| Untracked 
|  52|0x0000000088000000, 0x0000000088000000, 0x0000000088100000|  0%| F|  |TAMS 0x0000000088000000, 0x0000000088000000| Untracked 
|  53|0x0000000088100000, 0x0000000088100000, 0x0000000088200000|  0%| F|  |TAMS 0x0000000088100000, 0x0000000088100000| Untracked 
|  54|0x0000000088200000, 0x0000000088200000, 0x0000000088300000|  0%| F|  |TAMS 0x0000000088200000, 0x0000000088200000| Untracked 
|  55|0x0000000088300000, 0x0000000088300000, 0x0000000088400000|  0%| F|  |TAMS 0x0000000088300000, 0x0000000088300000| Untracked 
|  56|0x0000000088400000, 0x0000000088400000, 0x0000000088500000|  0%| F|  |TAMS 0x0000000088400000, 0x0000000088400000| Untracked 
|  57|0x0000000088500000, 0x0000000088500000, 0x0000000088600000|  0%| F|  |TAMS 0x0000000088500000, 0x0000000088500000| Untracked 
|  58|0x0000000088600000, 0x0000000088600000, 0x0000000088700000|  0%| F|  |TAMS 0x0000000088600000, 0x0000000088600000| Untracked 
|  59|0x0000000088700000, 0x0000000088700000, 0x0000000088800000|  0%| F|  |TAMS 0x0000000088700000, 0x0000000088700000| Untracked 
|  60|0x0000000088800000, 0x0000000088800000, 0x0000000088900000|  0%| F|  |TAMS 0x0000000088800000, 0x0000000088800000| Untracked 
|  61|0x0000000088900000, 0x0000000088900000, 0x0000000088a00000|  0%| F|  |TAMS 0x0000000088900000, 0x0000000088900000| Untracked 
|  62|0x0000000088a00000, 0x0000000088a00000, 0x0000000088b00000|  0%| F|  |TAMS 0x0000000088a00000, 0x0000000088a00000| Untracked 
|  63|0x0000000088b00000, 0x0000000088b00000, 0x0000000088c00000|  0%| F|  |TAMS 0x0000000088b00000, 0x0000000088b00000| Untracked 
|  64|0x0000000088c00000, 0x0000000088c00000, 0x0000000088d00000|  0%| F|  |TAMS 0x0000000088c00000, 0x0000000088c00000| Untracked 
|  65|0x0000000088d00000, 0x0000000088d00000, 0x0000000088e00000|  0%| F|  |TAMS 0x0000000088d00000, 0x0000000088d00000| Untracked 
|  66|0x0000000088e00000, 0x0000000088e00000, 0x0000000088f00000|  0%| F|  |TAMS 0x0000000088e00000, 0x0000000088e00000| Untracked 
|  67|0x0000000088f00000, 0x0000000088f00000, 0x0000000089000000|  0%| F|  |TAMS 0x0000000088f00000, 0x0000000088f00000| Untracked 
|  68|0x0000000089000000, 0x0000000089000000, 0x0000000089100000|  0%| F|  |TAMS 0x0000000089000000, 0x0000000089000000| Untracked 
|  69|0x0000000089100000, 0x0000000089100000, 0x0000000089200000|  0%| F|  |TAMS 0x0000000089100000, 0x0000000089100000| Untracked 
|  70|0x0000000089200000, 0x0000000089200000, 0x0000000089300000|  0%| F|  |TAMS 0x0000000089200000, 0x0000000089200000| Untracked 
|  71|0x0000000089300000, 0x0000000089300000, 0x0000000089400000|  0%| F|  |TAMS 0x0000000089300000, 0x0000000089300000| Untracked 
|  72|0x0000000089400000, 0x0000000089400000, 0x0000000089500000|  0%| F|  |TAMS 0x0000000089400000, 0x0000000089400000| Untracked 
|  73|0x0000000089500000, 0x0000000089500000, 0x0000000089600000|  0%| F|  |TAMS 0x0000000089500000, 0x0000000089500000| Untracked 
|  74|0x0000000089600000, 0x0000000089600000, 0x0000000089700000|  0%| F|  |TAMS 0x0000000089600000, 0x0000000089600000| Untracked 
|  75|0x0000000089700000, 0x0000000089700000, 0x0000000089800000|  0%| F|  |TAMS 0x0000000089700000, 0x0000000089700000| Untracked 
|  76|0x0000000089800000, 0x0000000089800000, 0x0000000089900000|  0%| F|  |TAMS 0x0000000089800000, 0x0000000089800000| Untracked 
|  77|0x0000000089900000, 0x0000000089900000, 0x0000000089a00000|  0%| F|  |TAMS 0x0000000089900000, 0x0000000089900000| Untracked 
|  78|0x0000000089a00000, 0x0000000089a00000, 0x0000000089b00000|  0%| F|  |TAMS 0x0000000089a00000, 0x0000000089a00000| Untracked 
|  79|0x0000000089b00000, 0x0000000089b00000, 0x0000000089c00000|  0%| F|  |TAMS 0x0000000089b00000, 0x0000000089b00000| Untracked 
|  80|0x0000000089c00000, 0x0000000089c00000, 0x0000000089d00000|  0%| F|  |TAMS 0x0000000089c00000, 0x0000000089c00000| Untracked 
|  81|0x0000000089d00000, 0x0000000089d00000, 0x0000000089e00000|  0%| F|  |TAMS 0x0000000089d00000, 0x0000000089d00000| Untracked 
|  82|0x0000000089e00000, 0x0000000089e00000, 0x0000000089f00000|  0%| F|  |TAMS 0x0000000089e00000, 0x0000000089e00000| Untracked 
|  83|0x0000000089f00000, 0x0000000089f00000, 0x000000008a000000|  0%| F|  |TAMS 0x0000000089f00000, 0x0000000089f00000| Untracked 
|  84|0x000000008a000000, 0x000000008a000000, 0x000000008a100000|  0%| F|  |TAMS 0x000000008a000000, 0x000000008a000000| Untracked 
|  85|0x000000008a100000, 0x000000008a100000, 0x000000008a200000|  0%| F|  |TAMS 0x000000008a100000, 0x000000008a100000| Untracked 
|  86|0x000000008a200000, 0x000000008a200000, 0x000000008a300000|  0%| F|  |TAMS 0x000000008a200000, 0x000000008a200000| Untracked 
|  87|0x000000008a300000, 0x000000008a300000, 0x000000008a400000|  0%| F|  |TAMS 0x000000008a300000, 0x000000008a300000| Untracked 
|  88|0x000000008a400000, 0x000000008a400000, 0x000000008a500000|  0%| F|  |TAMS 0x000000008a400000, 0x000000008a400000| Untracked 
|  89|0x000000008a500000, 0x000000008a500000, 0x000000008a600000|  0%| F|  |TAMS 0x000000008a500000, 0x000000008a500000| Untracked 
|  90|0x000000008a600000, 0x000000008a600000, 0x000000008a700000|  0%| F|  |TAMS 0x000000008a600000, 0x000000008a600000| Untracked 
|  91|0x000000008a700000, 0x000000008a700000, 0x000000008a800000|  0%| F|  |TAMS 0x000000008a700000, 0x000000008a700000| Untracked 
|  92|0x000000008a800000, 0x000000008a800000, 0x000000008a900000|  0%| F|  |TAMS 0x000000008a800000, 0x000000008a800000| Untracked 
|  93|0x000000008a900000, 0x000000008a900000, 0x000000008aa00000|  0%| F|  |TAMS 0x000000008a900000, 0x000000008a900000| Untracked 
|  94|0x000000008aa00000, 0x000000008aa00000, 0x000000008ab00000|  0%| F|  |TAMS 0x000000008aa00000, 0x000000008aa00000| Untracked 
|  95|0x000000008ab00000, 0x000000008ab00000, 0x000000008ac00000|  0%| F|  |TAMS 0x000000008ab00000, 0x000000008ab00000| Untracked 
|  96|0x000000008ac00000, 0x000000008ac00000, 0x000000008ad00000|  0%| F|  |TAMS 0x000000008ac00000, 0x000000008ac00000| Untracked 
|  97|0x000000008ad00000, 0x000000008ad00000, 0x000000008ae00000|  0%| F|  |TAMS 0x000000008ad00000, 0x000000008ad00000| Untracked 
|  98|0x000000008ae00000, 0x000000008af00000, 0x000000008af00000|100%| S|CS|TAMS 0x000000008ae00000, 0x000000008ae00000| Complete 
|  99|0x000000008af00000, 0x000000008b000000, 0x000000008b000000|100%| S|CS|TAMS 0x000000008af00000, 0x000000008af00000| Complete 
| 100|0x000000008b000000, 0x000000008b100000, 0x000000008b100000|100%| S|CS|TAMS 0x000000008b000000, 0x000000008b000000| Complete 
| 101|0x000000008b100000, 0x000000008b100000, 0x000000008b200000|  0%| F|  |TAMS 0x000000008b100000, 0x000000008b100000| Untracked 
| 102|0x000000008b200000, 0x000000008b200000, 0x000000008b300000|  0%| F|  |TAMS 0x000000008b200000, 0x000000008b200000| Untracked 
| 103|0x000000008b300000, 0x000000008b300000, 0x000000008b400000|  0%| F|  |TAMS 0x000000008b300000, 0x000000008b300000| Untracked 
| 104|0x000000008b400000, 0x000000008b400000, 0x000000008b500000|  0%| F|  |TAMS 0x000000008b400000, 0x000000008b400000| Untracked 
| 105|0x000000008b500000, 0x000000008b500000, 0x000000008b600000|  0%| F|  |TAMS 0x000000008b500000, 0x000000008b500000| Untracked 
| 106|0x000000008b600000, 0x000000008b600000, 0x000000008b700000|  0%| F|  |TAMS 0x000000008b600000, 0x000000008b600000| Untracked 
| 107|0x000000008b700000, 0x000000008b766460, 0x000000008b800000| 39%| E|  |TAMS 0x000000008b700000, 0x000000008b700000| Complete 
| 108|0x000000008b800000, 0x000000008b900000, 0x000000008b900000|100%| E|CS|TAMS 0x000000008b800000, 0x000000008b800000| Complete 
| 109|0x000000008b900000, 0x000000008ba00000, 0x000000008ba00000|100%| E|CS|TAMS 0x000000008b900000, 0x000000008b900000| Complete 
| 110|0x000000008ba00000, 0x000000008bb00000, 0x000000008bb00000|100%| E|CS|TAMS 0x000000008ba00000, 0x000000008ba00000| Complete 
| 111|0x000000008bb00000, 0x000000008bc00000, 0x000000008bc00000|100%| E|CS|TAMS 0x000000008bb00000, 0x000000008bb00000| Complete 
| 112|0x000000008bc00000, 0x000000008bd00000, 0x000000008bd00000|100%| E|CS|TAMS 0x000000008bc00000, 0x000000008bc00000| Complete 
| 113|0x000000008bd00000, 0x000000008be00000, 0x000000008be00000|100%| E|CS|TAMS 0x000000008bd00000, 0x000000008bd00000| Complete 
| 114|0x000000008be00000, 0x000000008bf00000, 0x000000008bf00000|100%| E|CS|TAMS 0x000000008be00000, 0x000000008be00000| Complete 
| 115|0x000000008bf00000, 0x000000008c000000, 0x000000008c000000|100%| E|CS|TAMS 0x000000008bf00000, 0x000000008bf00000| Complete 
| 116|0x000000008c000000, 0x000000008c100000, 0x000000008c100000|100%| E|CS|TAMS 0x000000008c000000, 0x000000008c000000| Complete 
| 117|0x000000008c100000, 0x000000008c200000, 0x000000008c200000|100%| E|CS|TAMS 0x000000008c100000, 0x000000008c100000| Complete 
| 118|0x000000008c200000, 0x000000008c300000, 0x000000008c300000|100%| E|CS|TAMS 0x000000008c200000, 0x000000008c200000| Complete 
| 119|0x000000008c300000, 0x000000008c400000, 0x000000008c400000|100%| E|CS|TAMS 0x000000008c300000, 0x000000008c300000| Complete 
| 120|0x000000008c400000, 0x000000008c500000, 0x000000008c500000|100%| E|CS|TAMS 0x000000008c400000, 0x000000008c400000| Complete 
| 121|0x000000008c500000, 0x000000008c600000, 0x000000008c600000|100%| E|CS|TAMS 0x000000008c500000, 0x000000008c500000| Complete 
| 122|0x000000008c600000, 0x000000008c700000, 0x000000008c700000|100%| E|CS|TAMS 0x000000008c600000, 0x000000008c600000| Complete 
| 123|0x000000008c700000, 0x000000008c800000, 0x000000008c800000|100%| E|CS|TAMS 0x000000008c700000, 0x000000008c700000| Complete 

Card table byte_map: [0x000001aa7c7f0000,0x000001aa7cbd0000] _byte_map_base: 0x000001aa7c3ca000

Marking Bits (Prev, Next): (CMBitMap*) 0x000001aa651ee3d0, (CMBitMap*) 0x000001aa651ee410
 Prev Bits: [0x000001aa7cfb0000, 0x000001aa7ee80000)
 Next Bits: [0x000001aa00000000, 0x000001aa01ed0000)

Polling page: 0x000001aa64950000

Metaspace:

Usage:
  Non-class:     14.17 MB used.
      Class:      1.92 MB used.
       Both:     16.08 MB used.

Virtual space:
  Non-class space:       64.00 MB reserved,      14.25 MB ( 22%) committed,  1 nodes.
      Class space:        1.00 GB reserved,       2.00 MB ( <1%) committed,  1 nodes.
             Both:        1.06 GB reserved,      16.25 MB (  1%) committed. 

Chunk freelists:
   Non-Class:  1.09 MB
       Class:  1.91 MB
        Both:  3.00 MB

MaxMetaspaceSize: unlimited
CompressedClassSpaceSize: 1.00 GB
Initial GC threshold: 21.00 MB
Current GC threshold: 21.00 MB
CDS: on
MetaspaceReclaimPolicy: balanced
 - commit_granule_bytes: 65536.
 - commit_granule_words: 8192.
 - virtual_space_node_default_size: 8388608.
 - enlarge_chunks_in_place: 1.
 - new_chunks_are_fully_committed: 0.
 - uncommit_free_chunks: 1.
 - use_allocation_guard: 0.


Internal statistics:

num_allocs_failed_limit: 0.
num_arena_births: 162.
num_arena_deaths: 0.
num_vsnodes_births: 2.
num_vsnodes_deaths: 0.
num_space_committed: 260.
num_space_uncommitted: 0.
num_chunks_returned_to_freelist: 0.
num_chunks_taken_from_freelist: 547.
num_chunk_merges: 0.
num_chunk_splits: 381.
num_chunks_enlarged: 289.
num_inconsistent_stats: 0.

CodeHeap 'non-profiled nmethods': size=120000Kb used=571Kb max_used=571Kb free=119428Kb
 bounds [0x000001aa74bb0000, 0x000001aa74e20000, 0x000001aa7c0e0000]
CodeHeap 'profiled nmethods': size=120000Kb used=2877Kb max_used=2877Kb free=117122Kb
 bounds [0x000001aa6d0e0000, 0x000001aa6d3b0000, 0x000001aa74610000]
CodeHeap 'non-nmethods': size=5760Kb used=1325Kb max_used=1337Kb free=4434Kb
 bounds [0x000001aa74610000, 0x000001aa74880000, 0x000001aa74bb0000]
 total_blobs=2118 nmethods=1580 adapters=449
 compilation: enabled
              stopped_count=0, restarted_count=0
 full_count=0

Compilation events (20 events):
Event: 0.968 Thread 0x000001aa7f8c63c0 nmethod 1525 0x000001aa6d396610 code [0x000001aa6d3967c0, 0x000001aa6d3969e8]
Event: 0.972 Thread 0x000001aa7f8c63c0 1527       3       jdk.internal.org.objectweb.asm.ClassReader::readUtf (161 bytes)
Event: 0.972 Thread 0x000001aa7f8c63c0 nmethod 1527 0x000001aa6d396b10 code [0x000001aa6d396ce0, 0x000001aa6d397148]
Event: 0.973 Thread 0x000001aa7f8bf9f0 nmethod 1476 0x000001aa74c38610 code [0x000001aa74c38820, 0x000001aa74c39840]
Event: 0.973 Thread 0x000001aa7f8bf9f0 1524       4       java.lang.StringUTF16::compress (50 bytes)
Event: 0.976 Thread 0x000001aa7f8bf9f0 nmethod 1524 0x000001aa74c3a310 code [0x000001aa74c3a4a0, 0x000001aa74c3a718]
Event: 0.976 Thread 0x000001aa7f8bf9f0 1493       4       sun.util.locale.LocaleUtils::isUpper (18 bytes)
Event: 0.976 Thread 0x000001aa7f8bf9f0 nmethod 1493 0x000001aa74c3a810 code [0x000001aa74c3a980, 0x000001aa74c3a9d8]
Event: 0.976 Thread 0x000001aa7f8bf9f0 1482       4       java.lang.ref.Reference::<init> (25 bytes)
Event: 0.977 Thread 0x000001aa7f8bf9f0 nmethod 1482 0x000001aa74c3ab10 code [0x000001aa74c3aca0, 0x000001aa74c3aed8]
Event: 0.977 Thread 0x000001aa7f8bf9f0 1526       4       jdk.internal.loader.URLClassPath$JarLoader$2::getCodeSourceURL (8 bytes)
Event: 0.978 Thread 0x000001aa7f8bf9f0 nmethod 1526 0x000001aa74c3af90 code [0x000001aa74c3b120, 0x000001aa74c3b1b8]
Event: 0.978 Thread 0x000001aa7f8bf9f0 1477       4       java.util.Collections::emptyList (4 bytes)
Event: 0.978 Thread 0x000001aa7f8bf9f0 nmethod 1477 0x000001aa74c3b290 code [0x000001aa74c3b400, 0x000001aa74c3b458]
Event: 0.978 Thread 0x000001aa7f8bf9f0 1528   !   4       java.lang.ref.ReferenceQueue::poll (40 bytes)
Event: 0.979 Thread 0x000001aa7f8bf9f0 nmethod 1528 0x000001aa74c3b590 code [0x000001aa74c3b740, 0x000001aa74c3b890]
Event: 0.986 Thread 0x000001aa7f8c63c0 1530       3       java.util.Collections$UnmodifiableCollection$1::hasNext (10 bytes)
Event: 0.986 Thread 0x000001aa7f8c63c0 nmethod 1530 0x000001aa6d397410 code [0x000001aa6d3975c0, 0x000001aa6d397788]
Event: 0.986 Thread 0x000001aa7f8c63c0 1531       3       java.util.Collections$UnmodifiableCollection$1::next (10 bytes)
Event: 0.986 Thread 0x000001aa7f8c63c0 nmethod 1531 0x000001aa6d397890 code [0x000001aa6d397a40, 0x000001aa6d397c08]

GC Heap History (2 events):
Event: 0.597 GC heap before
{Heap before GC invocations=0 (full 0):
 garbage-first heap   total 126976K, used 24576K [0x0000000084c00000, 0x0000000100000000)
  region size 1024K, 23 young (23552K), 0 survivors (0K)
 Metaspace       used 10300K, committed 10496K, reserved 1114112K
  class space    used 1192K, committed 1280K, reserved 1048576K
}
Event: 0.602 GC heap after
{Heap after GC invocations=1 (full 0):
 garbage-first heap   total 126976K, used 4932K [0x0000000084c00000, 0x0000000100000000)
  region size 1024K, 3 young (3072K), 3 survivors (3072K)
 Metaspace       used 10300K, committed 10496K, reserved 1114112K
  class space    used 1192K, committed 1280K, reserved 1048576K
}

Dll operation events (10 events):
Event: 0.006 Loaded shared library C:\Users\bpservice.ir\.jdks\openjdk-19.0.2\bin\java.dll
Event: 0.013 Loaded shared library C:\Users\bpservice.ir\.jdks\openjdk-19.0.2\bin\jsvml.dll
Event: 0.048 Loaded shared library C:\Users\bpservice.ir\.jdks\openjdk-19.0.2\bin\net.dll
Event: 0.049 Loaded shared library C:\Users\bpservice.ir\.jdks\openjdk-19.0.2\bin\nio.dll
Event: 0.052 Loaded shared library C:\Users\bpservice.ir\.jdks\openjdk-19.0.2\bin\zip.dll
Event: 0.068 Loaded shared library C:\Users\bpservice.ir\.jdks\openjdk-19.0.2\bin\jimage.dll
Event: 0.302 Loaded shared library C:\Users\bpservice.ir\.jdks\openjdk-19.0.2\bin\verify.dll
Event: 0.732 Loaded shared library C:\Users\bpservice.ir\.jdks\openjdk-19.0.2\bin\extnet.dll
Event: 0.740 Loaded shared library C:\Users\bpservice.ir\.jdks\openjdk-19.0.2\bin\management.dll
Event: 0.741 Loaded shared library C:\Users\bpservice.ir\.jdks\openjdk-19.0.2\bin\management_ext.dll

Deoptimization events (20 events):
Event: 0.914 Thread 0x000001aa6518b810 DEOPT PACKING pc=0x000001aa6d34a11e sp=0x000000a1d5efda50
Event: 0.914 Thread 0x000001aa6518b810 DEOPT UNPACKING pc=0x000001aa7467b0e3 sp=0x000000a1d5efcea8 mode 0
Event: 0.914 Thread 0x000001aa6518b810 DEOPT PACKING pc=0x000001aa6d34a046 sp=0x000000a1d5efda50
Event: 0.914 Thread 0x000001aa6518b810 DEOPT UNPACKING pc=0x000001aa7467b0e3 sp=0x000000a1d5efcea8 mode 0
Event: 0.914 Thread 0x000001aa6518b810 DEOPT PACKING pc=0x000001aa6d34a046 sp=0x000000a1d5efda20
Event: 0.914 Thread 0x000001aa6518b810 DEOPT UNPACKING pc=0x000001aa7467b0e3 sp=0x000000a1d5efce78 mode 0
Event: 0.914 Thread 0x000001aa6518b810 DEOPT PACKING pc=0x000001aa6d34a046 sp=0x000000a1d5efda50
Event: 0.914 Thread 0x000001aa6518b810 DEOPT UNPACKING pc=0x000001aa7467b0e3 sp=0x000000a1d5efcea8 mode 0
Event: 0.914 Thread 0x000001aa6518b810 DEOPT PACKING pc=0x000001aa6d34a11e sp=0x000000a1d5efda20
Event: 0.914 Thread 0x000001aa6518b810 DEOPT UNPACKING pc=0x000001aa7467b0e3 sp=0x000000a1d5efce78 mode 0
Event: 0.914 Thread 0x000001aa6518b810 DEOPT PACKING pc=0x000001aa6d34a11e sp=0x000000a1d5efda50
Event: 0.914 Thread 0x000001aa6518b810 DEOPT UNPACKING pc=0x000001aa7467b0e3 sp=0x000000a1d5efcea8 mode 0
Event: 0.915 Thread 0x000001aa6518b810 DEOPT PACKING pc=0x000001aa6d34a11e sp=0x000000a1d5efda20
Event: 0.915 Thread 0x000001aa6518b810 DEOPT UNPACKING pc=0x000001aa7467b0e3 sp=0x000000a1d5efce78 mode 0
Event: 0.915 Thread 0x000001aa6518b810 DEOPT PACKING pc=0x000001aa6d34a11e sp=0x000000a1d5efda50
Event: 0.915 Thread 0x000001aa6518b810 DEOPT UNPACKING pc=0x000001aa7467b0e3 sp=0x000000a1d5efcea8 mode 0
Event: 0.943 Thread 0x000001aa6518b810 Uncommon trap: trap_request=0xffffff45 fr.pc=0x000001aa74c2ab64 relative=0x00000000000000c4
Event: 0.943 Thread 0x000001aa6518b810 Uncommon trap: reason=unstable_if action=reinterpret pc=0x000001aa74c2ab64 method=java.lang.CharacterDataLatin1.digit(II)I @ 7 c2
Event: 0.943 Thread 0x000001aa6518b810 DEOPT PACKING pc=0x000001aa74c2ab64 sp=0x000000a1d5efe2d0
Event: 0.943 Thread 0x000001aa6518b810 DEOPT UNPACKING pc=0x000001aa7467a5a3 sp=0x000000a1d5efe190 mode 2

Classes loaded (20 events):
Event: 0.972 Loading class sun/invoke/util/VerifyAccess$1
Event: 0.972 Loading class sun/invoke/util/VerifyAccess$1 done
Event: 0.978 Loading class java/util/regex/Pattern$BnM
Event: 0.978 Loading class java/util/regex/Pattern$BnM done
Event: 0.987 Loading class java/util/TimerTask
Event: 0.987 Loading class java/util/TimerTask done
Event: 0.988 Loading class java/util/concurrent/atomic/AtomicReferenceFieldUpdater
Event: 0.988 Loading class java/util/concurrent/atomic/AtomicReferenceFieldUpdater done
Event: 0.988 Loading class java/util/concurrent/atomic/AtomicReferenceFieldUpdater$AtomicReferenceFieldUpdaterImpl
Event: 0.988 Loading class java/util/concurrent/atomic/AtomicReferenceFieldUpdater$AtomicReferenceFieldUpdaterImpl done
Event: 0.988 Loading class java/util/concurrent/atomic/AtomicReferenceFieldUpdater$AtomicReferenceFieldUpdaterImpl$1
Event: 0.988 Loading class java/util/concurrent/atomic/AtomicReferenceFieldUpdater$AtomicReferenceFieldUpdaterImpl$1 done
Event: 0.988 Loading class java/util/concurrent/atomic/AtomicIntegerFieldUpdater
Event: 0.988 Loading class java/util/concurrent/atomic/AtomicIntegerFieldUpdater done
Event: 0.988 Loading class sun/reflect/misc/ReflectUtil
Event: 0.989 Loading class sun/reflect/misc/ReflectUtil done
Event: 0.989 Loading class java/util/concurrent/atomic/AtomicIntegerFieldUpdater$AtomicIntegerFieldUpdaterImpl
Event: 0.989 Loading class java/util/concurrent/atomic/AtomicIntegerFieldUpdater$AtomicIntegerFieldUpdaterImpl done
Event: 0.989 Loading class java/util/concurrent/atomic/AtomicIntegerFieldUpdater$AtomicIntegerFieldUpdaterImpl$1
Event: 0.989 Loading class java/util/concurrent/atomic/AtomicIntegerFieldUpdater$AtomicIntegerFieldUpdaterImpl$1 done

Classes unloaded (0 events):
No events

Classes redefined (0 events):
No events

Internal exceptions (20 events):
Event: 0.416 Thread 0x000001aa6518b810 Exception <a 'java/lang/NoSuchMethodError'{0x000000008b8e5810}: 'int java.lang.invoke.DirectMethodHandle$Holder.invokeVirtual(java.lang.Object, java.lang.Object)'> (0x000000008b8e5810) 
thrown [s\open\src\hotspot\share\interpreter\linkResolver.cpp, line 774]
Event: 0.539 Thread 0x000001aa6518b810 Exception <a 'java/lang/NoSuchMethodError'{0x000000008b208830}: 'java.lang.Object java.lang.invoke.DirectMethodHandle$Holder.invokeStaticInit(java.lang.Object, int, int, int, int)'> (0x000000008b208830) 
thrown [s\open\src\hotspot\share\interpreter\linkResolver.cpp, line 774]
Event: 0.578 Thread 0x000001aa6518b810 Exception <a 'java/lang/NoSuchMethodError'{0x000000008b2f3510}: 'java.lang.Object java.lang.invoke.DirectMethodHandle$Holder.invokeStaticInit(java.lang.Object, java.lang.Object, int, int, int, int)'> (0x000000008b2f3510) 
thrown [s\open\src\hotspot\share\interpreter\linkResolver.cpp, line 774]
Event: 0.612 Thread 0x000001aa6518b810 Implicit null exception at 0x000001aa74c0a61e to 0x000001aa74c0b2a4
Event: 0.643 Thread 0x000001aa6518b810 Exception <a 'java/lang/NoSuchMethodError'{0x000000008c5e4830}: 'java.lang.Object java.lang.invoke.Invokers$Holder.invokeExact_MT(java.lang.Object, java.lang.Object, java.lang.Object, java.lang.Object, java.lang.Object, java.lang.Object)'> (0x000000008c5e4830) 
thrown [s\open\src\hotspot\share\interpreter\linkResolver.cpp, line 774]
Event: 0.696 Thread 0x000001aa6518b810 Exception <a 'java/lang/NoSuchMethodError'{0x000000008c23fb18}: method resolution failed> (0x000000008c23fb18) 
thrown [s\open\src\hotspot\share\prims\methodHandles.cpp, line 1268]
Event: 0.697 Thread 0x000001aa6518b810 Exception <a 'java/lang/NoSuchMethodError'{0x000000008c245128}: 'java.lang.Object java.lang.invoke.Invokers$Holder.invokeExact_MT(java.lang.Object, java.lang.Object, java.lang.Object, java.lang.Object, java.lang.Object)'> (0x000000008c245128) 
thrown [s\open\src\hotspot\share\interpreter\linkResolver.cpp, line 774]
Event: 0.702 Thread 0x000001aa6518b810 Exception <a 'java/lang/NoSuchMethodError'{0x000000008c26aa00}: 'java.lang.Object java.lang.invoke.DirectMethodHandle$Holder.invokeVirtual(java.lang.Object, java.lang.Object, java.lang.Object, java.lang.Object)'> (0x000000008c26aa00) 
thrown [s\open\src\hotspot\share\interpreter\linkResolver.cpp, line 774]
Event: 0.703 Thread 0x000001aa6518b810 Exception <a 'java/lang/NoSuchMethodError'{0x000000008c2732f8}: 'void java.lang.invoke.DirectMethodHandle$Holder.invokeStatic(java.lang.Object, java.lang.Object, java.lang.Object, java.lang.Object)'> (0x000000008c2732f8) 
thrown [s\open\src\hotspot\share\interpreter\linkResolver.cpp, line 774]
Event: 0.709 Thread 0x000001aa6518b810 Exception <a 'java/lang/NoSuchMethodError'{0x000000008c2bf360}: 'int java.lang.invoke.DirectMethodHandle$Holder.invokeStatic(java.lang.Object, java.lang.Object, java.lang.Object, java.lang.Object)'> (0x000000008c2bf360) 
thrown [s\open\src\hotspot\share\interpreter\linkResolver.cpp, line 774]
Event: 0.710 Thread 0x000001aa6518b810 Exception <a 'java/lang/NoSuchMethodError'{0x000000008c2c2b70}: 'int java.lang.invoke.DirectMethodHandle$Holder.invokeStaticInit(java.lang.Object, java.lang.Object, java.lang.Object, java.lang.Object)'> (0x000000008c2c2b70) 
thrown [s\open\src\hotspot\share\interpreter\linkResolver.cpp, line 774]
Event: 0.710 Thread 0x000001aa6518b810 Exception <a 'java/lang/NoSuchMethodError'{0x000000008c2cc318}: 'java.lang.Object java.lang.invoke.DirectMethodHandle$Holder.invokeInterface(java.lang.Object, java.lang.Object)'> (0x000000008c2cc318) 
thrown [s\open\src\hotspot\share\interpreter\linkResolver.cpp, line 774]
Event: 0.710 Thread 0x000001aa6518b810 Exception <a 'java/lang/IncompatibleClassChangeError'{0x000000008c2cfe10}: Found class java.lang.Object, but interface was expected> (0x000000008c2cfe10) 
thrown [s\open\src\hotspot\share\interpreter\linkResolver.cpp, line 841]
Event: 0.711 Thread 0x000001aa6518b810 Exception <a 'java/lang/NoSuchMethodError'{0x000000008c2d2e60}: 'void java.lang.invoke.DirectMethodHandle$Holder.invokeStatic(java.lang.Object, java.lang.Object)'> (0x000000008c2d2e60) 
thrown [s\open\src\hotspot\share\interpreter\linkResolver.cpp, line 774]
Event: 0.711 Thread 0x000001aa6518b810 Exception <a 'java/lang/NoSuchMethodError'{0x000000008c2d6668}: 'void java.lang.invoke.DirectMethodHandle$Holder.invokeStaticInit(java.lang.Object, java.lang.Object)'> (0x000000008c2d6668) 
thrown [s\open\src\hotspot\share\interpreter\linkResolver.cpp, line 774]
Event: 0.711 Thread 0x000001aa6518b810 Exception <a 'java/lang/NoSuchMethodError'{0x000000008c2dc548}: 'int java.lang.invoke.DirectMethodHandle$Holder.invokeStaticInit(java.lang.Object, java.lang.Object)'> (0x000000008c2dc548) 
thrown [s\open\src\hotspot\share\interpreter\linkResolver.cpp, line 774]
Event: 0.739 Thread 0x000001aa6518b810 Exception <a 'java/lang/NoSuchMethodError'{0x000000008c1ab338}: 'java.lang.Object java.lang.invoke.DirectMethodHandle$Holder.invokeStaticInit(java.lang.Object)'> (0x000000008c1ab338) 
thrown [s\open\src\hotspot\share\interpreter\linkResolver.cpp, line 774]
Event: 0.882 Thread 0x000001aa6518b810 Exception <a 'sun/nio/fs/WindowsException'{0x000000008bfb1980}> (0x000000008bfb1980) 
thrown [s\open\src\hotspot\share\prims\jni.cpp, line 517]
Event: 0.915 Thread 0x000001aa6518b810 Exception <a 'java/lang/NoSuchMethodError'{0x000000008bffae90}: 'void java.lang.invoke.DirectMethodHandle$Holder.invokeStatic(java.lang.Object, java.lang.Object, java.lang.Object)'> (0x000000008bffae90) 
thrown [s\open\src\hotspot\share\interpreter\linkResolver.cpp, line 774]
Event: 0.916 Thread 0x000001aa6518b810 Exception <a 'java/lang/NoSuchMethodError'{0x000000008be01a98}: 'void java.lang.invoke.DirectMethodHandle$Holder.invokeVirtual(java.lang.Object, java.lang.Object)'> (0x000000008be01a98) 
thrown [s\open\src\hotspot\share\interpreter\linkResolver.cpp, line 774]

VM Operations (20 events):
Event: 0.549 Executing VM operation: HandshakeAllThreads
Event: 0.549 Executing VM operation: HandshakeAllThreads done
Event: 0.577 Executing VM operation: ICBufferFull
Event: 0.577 Executing VM operation: ICBufferFull done
Event: 0.597 Executing VM operation: G1CollectForAllocation
Event: 0.602 Executing VM operation: G1CollectForAllocation done
Event: 0.603 Executing VM operation: HandshakeAllThreads
Event: 0.603 Executing VM operation: HandshakeAllThreads done
Event: 0.738 Executing VM operation: HandshakeAllThreads
Event: 0.738 Executing VM operation: HandshakeAllThreads done
Event: 0.873 Executing VM operation: HandshakeAllThreads
Event: 0.873 Executing VM operation: HandshakeAllThreads done
Event: 0.882 Executing VM operation: HandshakeAllThreads
Event: 0.882 Executing VM operation: HandshakeAllThreads done
Event: 0.889 Executing VM operation: HandshakeAllThreads
Event: 0.889 Executing VM operation: HandshakeAllThreads done
Event: 0.964 Executing VM operation: HandshakeAllThreads
Event: 0.964 Executing VM operation: HandshakeAllThreads done
Event: 0.964 Executing VM operation: HandshakeAllThreads
Event: 0.964 Executing VM operation: HandshakeAllThreads done

Events (18 events):
Event: 0.013 Thread 0x000001aa6518b810 Thread added: 0x000001aa6518b810
Event: 0.021 Thread 0x000001aa7f8b6a50 Thread added: 0x000001aa7f8b6a50
Event: 0.021 Thread 0x000001aa7f8b7640 Thread added: 0x000001aa7f8b7640
Event: 0.021 Thread 0x000001aa7f8b8ac0 Thread added: 0x000001aa7f8b8ac0
Event: 0.021 Thread 0x000001aa7f8b97a0 Thread added: 0x000001aa7f8b97a0
Event: 0.021 Thread 0x000001aa7f8bbad0 Thread added: 0x000001aa7f8bbad0
Event: 0.021 Thread 0x000001aa7f8be500 Thread added: 0x000001aa7f8be500
Event: 0.021 Thread 0x000001aa7f8bf9f0 Thread added: 0x000001aa7f8bf9f0
Event: 0.022 Thread 0x000001aa7f8c63c0 Thread added: 0x000001aa7f8c63c0
Event: 0.022 Thread 0x000001aa7f8ebd60 Thread added: 0x000001aa7f8ebd60
Event: 0.041 Thread 0x000001aa08112da0 Thread added: 0x000001aa08112da0
Event: 0.043 Thread 0x000001aa08114b30 Thread added: 0x000001aa08114b30
Event: 0.224 Thread 0x000001aa085259e0 Thread added: 0x000001aa085259e0
Event: 0.224 Thread 0x000001aa08523020 Thread added: 0x000001aa08523020
Event: 0.844 Thread 0x000001aa08523020 Thread exited: 0x000001aa08523020
Event: 0.846 Thread 0x000001aa085259e0 Thread exited: 0x000001aa085259e0
Event: 0.878 Thread 0x000001aa08bfa5e0 Thread added: 0x000001aa08bfa5e0
Event: 0.968 Thread 0x000001aa09124040 Thread added: 0x000001aa09124040


Dynamic libraries:
0x00007ff6cbe60000 - 0x00007ff6cbe6e000 	C:\Users\bpservice.ir\.jdks\openjdk-19.0.2\bin\java.exe
0x00007ff9d66d0000 - 0x00007ff9d68e7000 	C:\WINDOWS\SYSTEM32\ntdll.dll
0x00007ff9d4420000 - 0x00007ff9d44e4000 	C:\WINDOWS\System32\KERNEL32.DLL
0x00007ff9d4070000 - 0x00007ff9d4416000 	C:\WINDOWS\System32\KERNELBASE.dll
0x00007ff9d3de0000 - 0x00007ff9d3ef1000 	C:\WINDOWS\System32\ucrtbase.dll
0x00007ff9abd60000 - 0x00007ff9abd7b000 	C:\Users\bpservice.ir\.jdks\openjdk-19.0.2\bin\VCRUNTIME140.dll
0x00007ff9cbff0000 - 0x00007ff9cc007000 	C:\Users\bpservice.ir\.jdks\openjdk-19.0.2\bin\jli.dll
0x00007ff9d4fc0000 - 0x00007ff9d516e000 	C:\WINDOWS\System32\USER32.dll
0x00007ff9d3ba0000 - 0x00007ff9d3bc6000 	C:\WINDOWS\System32\win32u.dll
0x00007ff9d44f0000 - 0x00007ff9d4519000 	C:\WINDOWS\System32\GDI32.dll
0x00007ff9d3bd0000 - 0x00007ff9d3ce8000 	C:\WINDOWS\System32\gdi32full.dll
0x00007ff9d3b00000 - 0x00007ff9d3b9a000 	C:\WINDOWS\System32\msvcp_win.dll
0x00007ff9a57e0000 - 0x00007ff9a5a73000 	C:\WINDOWS\WinSxS\amd64_microsoft.windows.common-controls_6595b64144ccf1df_6.0.22621.2506_none_270c5ae97388e100\COMCTL32.dll
0x00007ff9d4530000 - 0x00007ff9d45d7000 	C:\WINDOWS\System32\msvcrt.dll
0x00007ff9d5170000 - 0x00007ff9d51a1000 	C:\WINDOWS\System32\IMM32.DLL
0x00007ff9c8800000 - 0x00007ff9c880c000 	C:\Users\bpservice.ir\.jdks\openjdk-19.0.2\bin\vcruntime140_1.dll
0x00007ff9a07c0000 - 0x00007ff9a084e000 	C:\Users\bpservice.ir\.jdks\openjdk-19.0.2\bin\msvcp140.dll
0x00007ff91e650000 - 0x00007ff91f310000 	C:\Users\bpservice.ir\.jdks\openjdk-19.0.2\bin\server\jvm.dll
0x00007ff9d5860000 - 0x00007ff9d5911000 	C:\WINDOWS\System32\ADVAPI32.dll
0x00007ff9d4700000 - 0x00007ff9d47a5000 	C:\WINDOWS\System32\sechost.dll
0x00007ff9d4df0000 - 0x00007ff9d4f07000 	C:\WINDOWS\System32\RPCRT4.dll
0x00007ff998b40000 - 0x00007ff998b49000 	C:\WINDOWS\SYSTEM32\WSOCK32.dll
0x00007ff9d5230000 - 0x00007ff9d52a1000 	C:\WINDOWS\System32\WS2_32.dll
0x00007ff9c8c50000 - 0x00007ff9c8c84000 	C:\WINDOWS\SYSTEM32\WINMM.dll
0x00007ff9c5ea0000 - 0x00007ff9c5eaa000 	C:\WINDOWS\SYSTEM32\VERSION.dll
0x00007ff9d2b30000 - 0x00007ff9d2b48000 	C:\WINDOWS\SYSTEM32\kernel.appcore.dll
0x00007ff9c6ea0000 - 0x00007ff9c6eaa000 	C:\Users\bpservice.ir\.jdks\openjdk-19.0.2\bin\jimage.dll
0x00007ff9d0eb0000 - 0x00007ff9d10e3000 	C:\WINDOWS\SYSTEM32\DBGHELP.DLL
0x00007ff9d4a60000 - 0x00007ff9d4de9000 	C:\WINDOWS\System32\combase.dll
0x00007ff9d47c0000 - 0x00007ff9d4897000 	C:\WINDOWS\System32\OLEAUT32.dll
0x00007ff9c16f0000 - 0x00007ff9c1722000 	C:\WINDOWS\SYSTEM32\dbgcore.DLL
0x00007ff9d3cf0000 - 0x00007ff9d3d6a000 	C:\WINDOWS\System32\bcryptPrimitives.dll
0x00007ff9a48d0000 - 0x00007ff9a48f6000 	C:\Users\bpservice.ir\.jdks\openjdk-19.0.2\bin\java.dll
0x00007ff95a9c0000 - 0x00007ff95aa97000 	C:\Users\bpservice.ir\.jdks\openjdk-19.0.2\bin\jsvml.dll
0x00007ff9d5da0000 - 0x00007ff9d65fa000 	C:\WINDOWS\System32\SHELL32.dll
0x00007ff9d1970000 - 0x00007ff9d2266000 	C:\WINDOWS\SYSTEM32\windows.storage.dll
0x00007ff9d1830000 - 0x00007ff9d196e000 	C:\WINDOWS\SYSTEM32\wintypes.dll
0x00007ff9d5760000 - 0x00007ff9d5853000 	C:\WINDOWS\System32\SHCORE.dll
0x00007ff9d55b0000 - 0x00007ff9d560e000 	C:\WINDOWS\System32\shlwapi.dll
0x00007ff9d3970000 - 0x00007ff9d3996000 	C:\WINDOWS\SYSTEM32\profapi.dll
0x00007ff9a08c0000 - 0x00007ff9a08d3000 	C:\Users\bpservice.ir\.jdks\openjdk-19.0.2\bin\net.dll
0x00007ff9cac60000 - 0x00007ff9cad97000 	C:\WINDOWS\SYSTEM32\WINHTTP.dll
0x00007ff9d2fb0000 - 0x00007ff9d3019000 	C:\WINDOWS\system32\mswsock.dll
0x00007ff9a0890000 - 0x00007ff9a08a6000 	C:\Users\bpservice.ir\.jdks\openjdk-19.0.2\bin\nio.dll
0x00007ff9abd40000 - 0x00007ff9abd58000 	C:\Users\bpservice.ir\.jdks\openjdk-19.0.2\bin\zip.dll
0x00007ff9c2da0000 - 0x00007ff9c2db0000 	C:\Users\bpservice.ir\.jdks\openjdk-19.0.2\bin\verify.dll
0x00007ff9d3210000 - 0x00007ff9d322b000 	C:\WINDOWS\SYSTEM32\CRYPTSP.dll
0x00007ff9d2a90000 - 0x00007ff9d2ac5000 	C:\WINDOWS\system32\rsaenh.dll
0x00007ff9d30a0000 - 0x00007ff9d30cc000 	C:\WINDOWS\SYSTEM32\USERENV.dll
0x00007ff9d33d0000 - 0x00007ff9d33f8000 	C:\WINDOWS\SYSTEM32\bcrypt.dll
0x00007ff9d3200000 - 0x00007ff9d320c000 	C:\WINDOWS\SYSTEM32\CRYPTBASE.dll
0x00007ff9d2540000 - 0x00007ff9d256d000 	C:\WINDOWS\SYSTEM32\IPHLPAPI.DLL
0x00007ff9d51b0000 - 0x00007ff9d51b9000 	C:\WINDOWS\System32\NSI.dll
0x00007ff9cab20000 - 0x00007ff9cab39000 	C:\WINDOWS\SYSTEM32\dhcpcsvc6.DLL
0x00007ff9ca8c0000 - 0x00007ff9ca8df000 	C:\WINDOWS\SYSTEM32\dhcpcsvc.DLL
0x00007ff9d2570000 - 0x00007ff9d2669000 	C:\WINDOWS\SYSTEM32\DNSAPI.dll
0x00007ff9cada0000 - 0x00007ff9cadaa000 	C:\Windows\System32\rasadhlp.dll
0x00007ff9c7430000 - 0x00007ff9c74b3000 	C:\WINDOWS\System32\fwpuclnt.dll
0x00007ff99f5e0000 - 0x00007ff99f5e8000 	C:\Users\bpservice.ir\.jdks\openjdk-19.0.2\bin\extnet.dll
0x00007ff9ba670000 - 0x00007ff9ba67a000 	C:\Users\bpservice.ir\.jdks\openjdk-19.0.2\bin\management.dll
0x00007ff99f5f0000 - 0x00007ff99f5fb000 	C:\Users\bpservice.ir\.jdks\openjdk-19.0.2\bin\management_ext.dll
0x00007ff9d4520000 - 0x00007ff9d4528000 	C:\WINDOWS\System32\PSAPI.DLL

dbghelp: loaded successfully - version: 4.0.5 - missing functions: none
symbol engine: initialized successfully - sym options: 0x614 - pdb path: .;C:\Users\bpservice.ir\.jdks\openjdk-19.0.2\bin;C:\WINDOWS\SYSTEM32;C:\WINDOWS\WinSxS\amd64_microsoft.windows.common-controls_6595b64144ccf1df_6.0.22621.2506_none_270c5ae97388e100;C:\Users\bpservice.ir\.jdks\openjdk-19.0.2\bin\server

VM Arguments:
jvm_args: -Dfile.encoding=windows-1252 -Duser.country=TR -Duser.language=tr -Duser.variant 
java_command: org.example.Main
java_class_path (initial): C:\Users\bpservice.ir\Desktop\Lesson27-JPA\build\classes\java\main;C:\Users\bpservice.ir\Desktop\Lesson27-JPA\build\resources\main;C:\Users\bpservice.ir\.gradle\caches\modules-2\files-2.1\org.postgresql\postgresql\42.5.4\15015a54f15e340a9a8a6a2c5457429cb1176b8\postgresql-42.5.4.jar;C:\Users\bpservice.ir\.gradle\caches\modules-2\files-2.1\org.hibernate.orm\hibernate-core\6.1.7.Final\343f47b34c96fe9c44bf9b219a7b3c5d6d2fc90e\hibernate-core-6.1.7.Final.jar;C:\Users\bpservice.ir\.gradle\caches\modules-2\files-2.1\org.checkerframework\checker-qual\3.5.0\2f50520c8abea66fbd8d26e481d3aef5c673b510\checker-qual-3.5.0.jar;C:\Users\bpservice.ir\.gradle\caches\modules-2\files-2.1\jakarta.persistence\jakarta.persistence-api\3.0.0\affc7884a85b6876d438a88b5d21ea29b1cc2dd8\jakarta.persistence-api-3.0.0.jar;C:\Users\bpservice.ir\.gradle\caches\modules-2\files-2.1\jakarta.transaction\jakarta.transaction-api\2.0.0\24a0525b4acfbca4086d2f1278be3a084fe1c67d\jakarta.transaction-api-2.0.0.jar;C:\Users\bpservice.ir\.gradle\caches\modules-2\files-2.1\org.jboss.logging\jboss-logging\3.4.3.Final\c4bd7e12a745c0e7f6cf98c45cdcdf482fd827ea\jboss-logging-3.4.3.Final.jar;C:\Users\bpservice.ir\.gradle\caches\modules-2\files-2.1\org.hibernate.common\hibernate-commons-annotations\6.0.6.Final\77a5f94b56d49508e0ee334751db5b78e5ccd50c\hibernate-commons-annotations-6.0.6.Final.jar;C:\Users\bpservice.ir\.gradle\caches\modules-2\files-2.1\org.jboss\jandex\2.4.2.Final\1e1c385990b258ff1a24c801e84aebbacf70eb39\jandex-2.4.2.Final.jar;C:\Users\bpservice.ir\.gradle\caches\modules-2\files-2.1\com.fasterxml\classmate\1.5.1\3fe0bed568c62df5e89f4f174c101eab25345b6c\classmate-1.5.1.jar;C:\Users\bpservice.ir\.gradle\caches\modules-2\files-2.1\net.bytebuddy\byte-buddy\1.12.18\875a9c3f29d2f6f499dfd60d76e97a343f9b1233\byte-buddy-1.12.18.jar;C:\Users\bpservice.ir\.gradle\caches\modules-2\files-2.1\org.glassfish.jaxb\jaxb-runtime\3.0.2\9897322f5de201bfbfcd1f4f46ffdd4204673b3c\jaxb-runtime-3.0.2.jar;C:\Users\bpservice.ir\.gradle\caches\modules-2\files-2.1\org.glassfish.jaxb\jaxb-core\3.0.2\e83d0b0005525ddd8b8642bd0bb02227fcf871f1\jaxb-core-3.0.2.jar;C:\Users\bpservice.ir\.gradle\caches\modules-2\files-2.1\jakarta.xml.bind\jakarta.xml.bind-api\3.0.1\5257932df36ff3e4e6de50429dde946490a6a800\jakarta.xml.bind-api-3.0.1.jar;C:\Users\bpservice.ir\.gradle\caches\modules-2\files-2.1\jakarta.inject\jakarta.inject-api\2.0.0\46fc8560b6fd17b78396d88f39c1a730457671f0\jakarta.inject-api-2.0.0.jar;C:\Users\bpservice.ir\.gradle\caches\modules-2\files-2.1\org.antlr\antlr4-runtime\4.10.1\10839f875928f59c622d675091d51a43ea0dc5f7\antlr4-runtime-4.10.1.jar;C:\Users\bpservice.ir\.gradle\caches\modules-2\files-2.1\com.sun.activation\jakarta.activation\2.0.1\828b80e886a52bb09fe41ff410b10b342f533ce1\jakarta.activation-2.0.1.jar;C:\Users\bpservice.ir\.gradle\caches\modules-2\files-2.1\org.glassfish.jaxb\txw2\3.0.2\8c448a44cdcdbb5dd48ff2eb88cab858ed52cf91\txw2-3.0.2.jar;C:\Users\bpservice.ir\.gradle\caches\modules-2\files-2.1\com.sun.istack\istack-commons-runtime\4.0.1\4e25c41d338aad4a2c92d0020c9ae0335fad5099\istack-commons-runtime-4.0.1.jar
Launcher Type: SUN_STANDARD

[Global flags]
     intx CICompilerCount                          = 4                                         {product} {ergonomic}
     uint ConcGCThreads                            = 2                                         {product} {ergonomic}
     uint G1ConcRefinementThreads                  = 8                                         {product} {ergonomic}
   size_t G1HeapRegionSize                         = 1048576                                   {product} {ergonomic}
    uintx GCDrainStackTargetSize                   = 64                                        {product} {ergonomic}
   size_t InitialHeapSize                          = 130023424                                 {product} {ergonomic}
   size_t MarkStackSize                            = 4194304                                   {product} {ergonomic}
   size_t MaxHeapSize                              = 2067791872                                {product} {ergonomic}
   size_t MaxNewSize                               = 1240465408                                {product} {ergonomic}
   size_t MinHeapDeltaBytes                        = 1048576                                   {product} {ergonomic}
   size_t MinHeapSize                              = 8388608                                   {product} {ergonomic}
    uintx NonNMethodCodeHeapSize                   = 5839372                                {pd product} {ergonomic}
    uintx NonProfiledCodeHeapSize                  = 122909434                              {pd product} {ergonomic}
    uintx ProfiledCodeHeapSize                     = 122909434                              {pd product} {ergonomic}
    uintx ReservedCodeCacheSize                    = 251658240                              {pd product} {ergonomic}
     bool SegmentedCodeCache                       = true                                      {product} {ergonomic}
   size_t SoftMaxHeapSize                          = 2067791872                             {manageable} {ergonomic}
     bool UseCompressedClassPointers               = true                           {product lp64_product} {ergonomic}
     bool UseCompressedOops                        = true                           {product lp64_product} {ergonomic}
     bool UseG1GC                                  = true                                      {product} {ergonomic}
     bool UseLargePagesIndividualAllocation        = false                                  {pd product} {ergonomic}

Logging:
Log output configuration:
 #0: stdout all=warning uptime,level,tags foldmultilines=false
 #1: stderr all=off uptime,level,tags foldmultilines=false

Environment Variables:
PATH=C:\Program Files\Common Files\Oracle\Java\javapath;C:\Program Files (x86)\Common Files\Oracle\Java\javapath;C:\Windows\system32;C:\Windows;C:\Windows\System32\Wbem;C:\Windows\System32\WindowsPowerShell\v1.0\;C:\Windows\System32\OpenSSH\;C:\Program Files (x86)\NVIDIA Corporation\PhysX\Common;C:\Program Files\NVIDIA Corporation\NVIDIA NvDLISR;C:\Program Files\Microsoft SQL Server\130\Tools\Binn\;C:\WINDOWS\system32;C:\WINDOWS;C:\WINDOWS\System32\Wbem;C:\WINDOWS\System32\WindowsPowerShell\v1.0\;C:\WINDOWS\System32\OpenSSH\;C:\Users\bpservice.ir\AppData\Local\Programs\Python\Python311\Scripts\;C:\Users\bpservice.ir\AppData\Local\Programs\Python\Python311\;C:\Users\bpservice.ir\AppData\Local\Microsoft\WindowsApps;C:\Users\bpservice.ir\AppData\Local\Programs\Microsoft VS Code\bin;C:\Users\bpservice.ir\AppData\Local\Programs\Python\Python311\Scripts;;C:\Program Files\JetBrains\IntelliJ IDEA Community Edition 2023.2.4\bin;;C:\Program Files\JetBrains\IntelliJ IDEA 2023.2.1\bin;;C:\Program Files\JetBrains\DataGrip 2023.3.1\bin;
USERNAME=bpservice.ir
OS=Windows_NT
PROCESSOR_IDENTIFIER=Intel64 Family 6 Model 140 Stepping 1, GenuineIntel
TMP=C:\Users\BPSERV~1.IR\AppData\Local\Temp
TEMP=C:\Users\BPSERV~1.IR\AppData\Local\Temp



---------------  S Y S T E M  ---------------

OS:
 Windows 11 , 64 bit Build 22621 (10.0.22621.2506)
OS uptime: 1 days 2:57 hours

CPU: total 8 (initial active 8) (4 cores per cpu, 2 threads per core) family 6 model 140 stepping 1 microcode 0x9a, cx8, cmov, fxsr, ht, mmx, 3dnowpref, sse, sse2, sse3, ssse3, sse4.1, sse4.2, popcnt, lzcnt, tsc, tscinvbit, avx, avx2, aes, erms, clmul, bmi1, bmi2, adx, avx512f, avx512dq, avx512cd, avx512bw, avx512vl, sha, fma, vzeroupper, avx512_vpopcntdq, avx512_vpclmulqdq, avx512_vaes, avx512_vnni, clflush, clflushopt, clwb, avx512_vbmi2, avx512_vbmi, rdtscp, rdpid, fsrm, gfni, avx512_bitalg

Memory: 4k page, system-wide physical 7884M (772M free)
TotalPageFile size 11980M (AvailPageFile size 2M)
current process WorkingSet (physical memory assigned to process): 102M, peak: 102M
current process commit charge ("private bytes"): 241M, peak: 241M

vm_info: OpenJDK 64-Bit Server VM (19.0.2+7-44) for windows-amd64 JRE (19.0.2+7-44), built on 2022-11-30T18:02:09Z by "mach5one" with MS VC++ 17.1 (VS2022)

END.
