#
# There is insufficient memory for the Java Runtime Environment to continue.
# Native memory allocation (malloc) failed to allocate 1048576 bytes for AllocateHeap
# Possible reasons:
#   The system is out of physical RAM or swap space
#   The process is running with CompressedOops enabled, and the Java Heap may be blocking the growth of the native heap
# Possible solutions:
#   Reduce memory load on the system
#   Increase physical memory or swap space
#   Check if swap backing store is full
#   Decrease Java heap size (-Xmx/-Xms)
#   Decrease number of Java threads
#   Decrease Java thread stack sizes (-Xss)
#   Set larger code cache with -XX:ReservedCodeCacheSize=
#   JVM is running with Unscaled Compressed Oops mode in which the Java heap is
#     placed in the first 4GB address space. The Java Heap base address is the
#     maximum limit for the native heap growth. Please use -XX:HeapBaseMinAddress
#     to set the Java Heap base and to place the Java Heap above 4GB virtual address.
# This output file may be truncated or incomplete.
#
#  Out of Memory Error (allocation.cpp:44), pid=11828, tid=10960
#
# JRE version:  (19.0.2+7) (build )
# Java VM: OpenJDK 64-Bit Server VM (19.0.2+7-44, mixed mode, sharing, tiered, compressed oops, compressed class ptrs, g1 gc, windows-amd64)
# No core dump will be written. Minidumps are not enabled by default on client versions of Windows
#

---------------  S U M M A R Y ------------

Command Line: -Dfile.encoding=windows-1252 -Duser.country=TR -Duser.language=tr -Duser.variant org.example.Main

Host: 11th Gen Intel(R) Core(TM) i5-1135G7 @ 2.40GHz, 8 cores, 7G,  Windows 11 , 64 bit Build 22621 (10.0.22621.2506)
Time: Thu Dec 28 21:28:28 2023 Azerbaycan Standart Saati elapsed time: 0.026090 seconds (0d 0h 0m 0s)

---------------  T H R E A D  ---------------

Current thread (0x000002937c700650):  JavaThread "Unknown thread" [_thread_in_vm, id=10960, stack(0x000000dce3f00000,0x000000dce4000000)]

Stack: [0x000000dce3f00000,0x000000dce4000000]
Native frames: (J=compiled Java code, j=interpreted, Vv=VM code, C=native code)
V  [jvm.dll+0x6ee21a]
V  [jvm.dll+0x85765e]
V  [jvm.dll+0x85904e]
V  [jvm.dll+0x859703]
V  [jvm.dll+0x28298f]
V  [jvm.dll+0xc406b]
V  [jvm.dll+0x32a5d9]
V  [jvm.dll+0x82174b]
V  [jvm.dll+0x3c2661]
V  [jvm.dll+0x801f51]
V  [jvm.dll+0x44ae8f]
V  [jvm.dll+0x44c811]
C  [jli.dll+0x5287]
C  [ucrtbase.dll+0x29363]
C  [KERNEL32.DLL+0x1257d]
C  [ntdll.dll+0x5aa58]


---------------  P R O C E S S  ---------------

Threads class SMR info:
_java_thread_list=0x00007ff91f1cd048, length=0, elements={
}

Java Threads: ( => current thread )

Other Threads:

=>0x000002937c700650 (exited) JavaThread "Unknown thread" [_thread_in_vm, id=10960, stack(0x000000dce3f00000,0x000000dce4000000)]

Threads with active compile tasks:

VM state: not at safepoint (not fully initialized)

VM Mutex/Monitor currently owned by a thread: None

Heap address: 0x0000000000000000, size: 0 MB, Compressed Oops mode: 32-bit

CDS archive(s) mapped at: [0x0000000000000000-0x0000000000000000-0x0000000000000000), size 0, SharedBaseAddress: 0x0000000800000000, ArchiveRelocationMode: 0.
Narrow klass base: 0x0000000000000000, Narrow klass shift: 0, Narrow klass range: 0x0

GC Precious Log:
 CardTable entry size: 512
 Card Set container configuration: InlinePtr #cards 5 size 8 Array Of Cards #cards 12 size 40 Howl #buckets 4 coarsen threshold 1843 Howl Bitmap #cards 512 size 80 coarsen threshold 460 Card regions per heap region 1 cards per card region 2048

GC Heap History (0 events):
No events

Dll operation events (1 events):
Event: 0.016 Loaded shared library C:\Users\bpservice.ir\.jdks\openjdk-19.0.2\bin\java.dll

Deoptimization events (0 events):
No events

Classes loaded (0 events):
No events

Classes unloaded (0 events):
No events

Classes redefined (0 events):
No events

Internal exceptions (0 events):
No events

VM Operations (0 events):
No events

Events (0 events):
No events


Dynamic libraries:
0x00007ff6cbe60000 - 0x00007ff6cbe6e000 	C:\Users\bpservice.ir\.jdks\openjdk-19.0.2\bin\java.exe
0x00007ff9d66d0000 - 0x00007ff9d68e7000 	C:\WINDOWS\SYSTEM32\ntdll.dll
0x00007ff9d4420000 - 0x00007ff9d44e4000 	C:\WINDOWS\System32\KERNEL32.DLL
0x00007ff9d4070000 - 0x00007ff9d4416000 	C:\WINDOWS\System32\KERNELBASE.dll
0x00007ff9d3de0000 - 0x00007ff9d3ef1000 	C:\WINDOWS\System32\ucrtbase.dll
0x00007ff9cbff0000 - 0x00007ff9cc007000 	C:\Users\bpservice.ir\.jdks\openjdk-19.0.2\bin\jli.dll
0x00007ff9abd60000 - 0x00007ff9abd7b000 	C:\Users\bpservice.ir\.jdks\openjdk-19.0.2\bin\VCRUNTIME140.dll
0x00007ff9d4fc0000 - 0x00007ff9d516e000 	C:\WINDOWS\System32\USER32.dll
0x00007ff9d3ba0000 - 0x00007ff9d3bc6000 	C:\WINDOWS\System32\win32u.dll
0x00007ff9d44f0000 - 0x00007ff9d4519000 	C:\WINDOWS\System32\GDI32.dll
0x00007ff9a57e0000 - 0x00007ff9a5a73000 	C:\WINDOWS\WinSxS\amd64_microsoft.windows.common-controls_6595b64144ccf1df_6.0.22621.2506_none_270c5ae97388e100\COMCTL32.dll
0x00007ff9d3bd0000 - 0x00007ff9d3ce8000 	C:\WINDOWS\System32\gdi32full.dll
0x00007ff9d3b00000 - 0x00007ff9d3b9a000 	C:\WINDOWS\System32\msvcp_win.dll
0x00007ff9d4530000 - 0x00007ff9d45d7000 	C:\WINDOWS\System32\msvcrt.dll
0x00007ff9d5170000 - 0x00007ff9d51a1000 	C:\WINDOWS\System32\IMM32.DLL
0x00007ff9c8800000 - 0x00007ff9c880c000 	C:\Users\bpservice.ir\.jdks\openjdk-19.0.2\bin\vcruntime140_1.dll
0x00007ff9a07c0000 - 0x00007ff9a084e000 	C:\Users\bpservice.ir\.jdks\openjdk-19.0.2\bin\msvcp140.dll
0x00007ff91e650000 - 0x00007ff91f310000 	C:\Users\bpservice.ir\.jdks\openjdk-19.0.2\bin\server\jvm.dll
0x00007ff9d5860000 - 0x00007ff9d5911000 	C:\WINDOWS\System32\ADVAPI32.dll
0x00007ff9d4700000 - 0x00007ff9d47a5000 	C:\WINDOWS\System32\sechost.dll
0x00007ff9d4df0000 - 0x00007ff9d4f07000 	C:\WINDOWS\System32\RPCRT4.dll
0x00007ff998b40000 - 0x00007ff998b49000 	C:\WINDOWS\SYSTEM32\WSOCK32.dll
0x00007ff9c5ea0000 - 0x00007ff9c5eaa000 	C:\WINDOWS\SYSTEM32\VERSION.dll
0x00007ff9d5230000 - 0x00007ff9d52a1000 	C:\WINDOWS\System32\WS2_32.dll
0x00007ff9c8c50000 - 0x00007ff9c8c84000 	C:\WINDOWS\SYSTEM32\WINMM.dll
0x00007ff9d2b30000 - 0x00007ff9d2b48000 	C:\WINDOWS\SYSTEM32\kernel.appcore.dll
0x00007ff9c6ea0000 - 0x00007ff9c6eaa000 	C:\Users\bpservice.ir\.jdks\openjdk-19.0.2\bin\jimage.dll
0x00007ff9d0eb0000 - 0x00007ff9d10e3000 	C:\WINDOWS\SYSTEM32\DBGHELP.DLL
0x00007ff9d4a60000 - 0x00007ff9d4de9000 	C:\WINDOWS\System32\combase.dll
0x00007ff9d47c0000 - 0x00007ff9d4897000 	C:\WINDOWS\System32\OLEAUT32.dll
0x00007ff9c16f0000 - 0x00007ff9c1722000 	C:\WINDOWS\SYSTEM32\dbgcore.DLL
0x00007ff9d3cf0000 - 0x00007ff9d3d6a000 	C:\WINDOWS\System32\bcryptPrimitives.dll
0x00007ff9a48d0000 - 0x00007ff9a48f6000 	C:\Users\bpservice.ir\.jdks\openjdk-19.0.2\bin\java.dll

dbghelp: loaded successfully - version: 4.0.5 - missing functions: none
symbol engine: initialized successfully - sym options: 0x614 - pdb path: .;C:\Users\bpservice.ir\.jdks\openjdk-19.0.2\bin;C:\WINDOWS\SYSTEM32;C:\WINDOWS\WinSxS\amd64_microsoft.windows.common-controls_6595b64144ccf1df_6.0.22621.2506_none_270c5ae97388e100;C:\Users\bpservice.ir\.jdks\openjdk-19.0.2\bin\server

VM Arguments:
jvm_args: -Dfile.encoding=windows-1252 -Duser.country=TR -Duser.language=tr -Duser.variant 
java_command: org.example.Main
java_class_path (initial): C:\Users\bpservice.ir\Desktop\Lesson27-JPA\build\classes\java\main;C:\Users\bpservice.ir\Desktop\Lesson27-JPA\build\resources\main;C:\Users\bpservice.ir\.gradle\caches\modules-2\files-2.1\org.postgresql\postgresql\42.5.4\15015a54f15e340a9a8a6a2c5457429cb1176b8\postgresql-42.5.4.jar;C:\Users\bpservice.ir\.gradle\caches\modules-2\files-2.1\org.hibernate.orm\hibernate-core\6.1.7.Final\343f47b34c96fe9c44bf9b219a7b3c5d6d2fc90e\hibernate-core-6.1.7.Final.jar;C:\Users\bpservice.ir\.gradle\caches\modules-2\files-2.1\org.checkerframework\checker-qual\3.5.0\2f50520c8abea66fbd8d26e481d3aef5c673b510\checker-qual-3.5.0.jar;C:\Users\bpservice.ir\.gradle\caches\modules-2\files-2.1\jakarta.persistence\jakarta.persistence-api\3.0.0\affc7884a85b6876d438a88b5d21ea29b1cc2dd8\jakarta.persistence-api-3.0.0.jar;C:\Users\bpservice.ir\.gradle\caches\modules-2\files-2.1\jakarta.transaction\jakarta.transaction-api\2.0.0\24a0525b4acfbca4086d2f1278be3a084fe1c67d\jakarta.transaction-api-2.0.0.jar;C:\Users\bpservice.ir\.gradle\caches\modules-2\files-2.1\org.jboss.logging\jboss-logging\3.4.3.Final\c4bd7e12a745c0e7f6cf98c45cdcdf482fd827ea\jboss-logging-3.4.3.Final.jar;C:\Users\bpservice.ir\.gradle\caches\modules-2\files-2.1\org.hibernate.common\hibernate-commons-annotations\6.0.6.Final\77a5f94b56d49508e0ee334751db5b78e5ccd50c\hibernate-commons-annotations-6.0.6.Final.jar;C:\Users\bpservice.ir\.gradle\caches\modules-2\files-2.1\org.jboss\jandex\2.4.2.Final\1e1c385990b258ff1a24c801e84aebbacf70eb39\jandex-2.4.2.Final.jar;C:\Users\bpservice.ir\.gradle\caches\modules-2\files-2.1\com.fasterxml\classmate\1.5.1\3fe0bed568c62df5e89f4f174c101eab25345b6c\classmate-1.5.1.jar;C:\Users\bpservice.ir\.gradle\caches\modules-2\files-2.1\net.bytebuddy\byte-buddy\1.12.18\875a9c3f29d2f6f499dfd60d76e97a343f9b1233\byte-buddy-1.12.18.jar;C:\Users\bpservice.ir\.gradle\caches\modules-2\files-2.1\org.glassfish.jaxb\jaxb-runtime\3.0.2\9897322f5de201bfbfcd1f4f46ffdd4204673b3c\jaxb-runtime-3.0.2.jar;C:\Users\bpservice.ir\.gradle\caches\modules-2\files-2.1\org.glassfish.jaxb\jaxb-core\3.0.2\e83d0b0005525ddd8b8642bd0bb02227fcf871f1\jaxb-core-3.0.2.jar;C:\Users\bpservice.ir\.gradle\caches\modules-2\files-2.1\jakarta.xml.bind\jakarta.xml.bind-api\3.0.1\5257932df36ff3e4e6de50429dde946490a6a800\jakarta.xml.bind-api-3.0.1.jar;C:\Users\bpservice.ir\.gradle\caches\modules-2\files-2.1\jakarta.inject\jakarta.inject-api\2.0.0\46fc8560b6fd17b78396d88f39c1a730457671f0\jakarta.inject-api-2.0.0.jar;C:\Users\bpservice.ir\.gradle\caches\modules-2\files-2.1\org.antlr\antlr4-runtime\4.10.1\10839f875928f59c622d675091d51a43ea0dc5f7\antlr4-runtime-4.10.1.jar;C:\Users\bpservice.ir\.gradle\caches\modules-2\files-2.1\com.sun.activation\jakarta.activation\2.0.1\828b80e886a52bb09fe41ff410b10b342f533ce1\jakarta.activation-2.0.1.jar;C:\Users\bpservice.ir\.gradle\caches\modules-2\files-2.1\org.glassfish.jaxb\txw2\3.0.2\8c448a44cdcdbb5dd48ff2eb88cab858ed52cf91\txw2-3.0.2.jar;C:\Users\bpservice.ir\.gradle\caches\modules-2\files-2.1\com.sun.istack\istack-commons-runtime\4.0.1\4e25c41d338aad4a2c92d0020c9ae0335fad5099\istack-commons-runtime-4.0.1.jar
Launcher Type: SUN_STANDARD

[Global flags]
     intx CICompilerCount                          = 4                                         {product} {ergonomic}
     uint ConcGCThreads                            = 2                                         {product} {ergonomic}
     uint G1ConcRefinementThreads                  = 8                                         {product} {ergonomic}
   size_t G1HeapRegionSize                         = 1048576                                   {product} {ergonomic}
    uintx GCDrainStackTargetSize                   = 64                                        {product} {ergonomic}
   size_t InitialHeapSize                          = 130023424                                 {product} {ergonomic}
   size_t MarkStackSize                            = 4194304                                   {product} {ergonomic}
   size_t MaxHeapSize                              = 2067791872                                {product} {ergonomic}
   size_t MinHeapDeltaBytes                        = 1048576                                   {product} {ergonomic}
   size_t MinHeapSize                              = 8388608                                   {product} {ergonomic}
    uintx NonNMethodCodeHeapSize                   = 5839372                                {pd product} {ergonomic}
    uintx NonProfiledCodeHeapSize                  = 122909434                              {pd product} {ergonomic}
    uintx ProfiledCodeHeapSize                     = 122909434                              {pd product} {ergonomic}
    uintx ReservedCodeCacheSize                    = 251658240                              {pd product} {ergonomic}
     bool SegmentedCodeCache                       = true                                      {product} {ergonomic}
   size_t SoftMaxHeapSize                          = 2067791872                             {manageable} {ergonomic}
     bool UseCompressedClassPointers               = true                           {product lp64_product} {ergonomic}
     bool UseCompressedOops                        = true                           {product lp64_product} {ergonomic}
     bool UseG1GC                                  = true                                      {product} {ergonomic}
     bool UseLargePagesIndividualAllocation        = false                                  {pd product} {ergonomic}

Logging:
Log output configuration:
 #0: stdout all=warning uptime,level,tags foldmultilines=false
 #1: stderr all=off uptime,level,tags foldmultilines=false

Environment Variables:
PATH=C:\Program Files\Common Files\Oracle\Java\javapath;C:\Program Files (x86)\Common Files\Oracle\Java\javapath;C:\Windows\system32;C:\Windows;C:\Windows\System32\Wbem;C:\Windows\System32\WindowsPowerShell\v1.0\;C:\Windows\System32\OpenSSH\;C:\Program Files (x86)\NVIDIA Corporation\PhysX\Common;C:\Program Files\NVIDIA Corporation\NVIDIA NvDLISR;C:\Program Files\Microsoft SQL Server\130\Tools\Binn\;C:\WINDOWS\system32;C:\WINDOWS;C:\WINDOWS\System32\Wbem;C:\WINDOWS\System32\WindowsPowerShell\v1.0\;C:\WINDOWS\System32\OpenSSH\;C:\Users\bpservice.ir\AppData\Local\Programs\Python\Python311\Scripts\;C:\Users\bpservice.ir\AppData\Local\Programs\Python\Python311\;C:\Users\bpservice.ir\AppData\Local\Microsoft\WindowsApps;C:\Users\bpservice.ir\AppData\Local\Programs\Microsoft VS Code\bin;C:\Users\bpservice.ir\AppData\Local\Programs\Python\Python311\Scripts;;C:\Program Files\JetBrains\IntelliJ IDEA Community Edition 2023.2.4\bin;;C:\Program Files\JetBrains\IntelliJ IDEA 2023.2.1\bin;;C:\Program Files\JetBrains\DataGrip 2023.3.1\bin;
USERNAME=bpservice.ir
OS=Windows_NT
PROCESSOR_IDENTIFIER=Intel64 Family 6 Model 140 Stepping 1, GenuineIntel
TMP=C:\Users\BPSERV~1.IR\AppData\Local\Temp
TEMP=C:\Users\BPSERV~1.IR\AppData\Local\Temp



---------------  S Y S T E M  ---------------

OS:
 Windows 11 , 64 bit Build 22621 (10.0.22621.2506)
OS uptime: 1 days 2:25 hours

CPU: total 8 (initial active 8) (4 cores per cpu, 2 threads per core) family 6 model 140 stepping 1 microcode 0x9a, cx8, cmov, fxsr, ht, mmx, 3dnowpref, sse, sse2, sse3, ssse3, sse4.1, sse4.2, popcnt, lzcnt, tsc, tscinvbit, avx, avx2, aes, erms, clmul, bmi1, bmi2, adx, avx512f, avx512dq, avx512cd, avx512bw, avx512vl, sha, fma, vzeroupper, avx512_vpopcntdq, avx512_vpclmulqdq, avx512_vaes, avx512_vnni, clflush, clflushopt, clwb, avx512_vbmi2, avx512_vbmi, rdtscp, rdpid, fsrm, gfni, avx512_bitalg

Memory: 4k page, system-wide physical 7884M (595M free)
TotalPageFile size 11980M (AvailPageFile size 5M)
current process WorkingSet (physical memory assigned to process): 10M, peak: 10M
current process commit charge ("private bytes"): 12M, peak: 13M

vm_info: OpenJDK 64-Bit Server VM (19.0.2+7-44) for windows-amd64 JRE (19.0.2+7-44), built on 2022-11-30T18:02:09Z by "mach5one" with MS VC++ 17.1 (VS2022)

END.
