#
# There is insufficient memory for the Java Runtime Environment to continue.
# Native memory allocation (malloc) failed to allocate 310336 bytes for Chunk::new
# Possible reasons:
#   The system is out of physical RAM or swap space
#   The process is running with CompressedOops enabled, and the Java Heap may be blocking the growth of the native heap
# Possible solutions:
#   Reduce memory load on the system
#   Increase physical memory or swap space
#   Check if swap backing store is full
#   Decrease Java heap size (-Xmx/-Xms)
#   Decrease number of Java threads
#   Decrease Java thread stack sizes (-Xss)
#   Set larger code cache with -XX:ReservedCodeCacheSize=
#   JVM is running with Unscaled Compressed Oops mode in which the Java heap is
#     placed in the first 4GB address space. The Java Heap base address is the
#     maximum limit for the native heap growth. Please use -XX:HeapBaseMinAddress
#     to set the Java Heap base and to place the Java Heap above 4GB virtual address.
# This output file may be truncated or incomplete.
#
#  Out of Memory Error (arena.cpp:184), pid=14052, tid=9164
#
# JRE version: OpenJDK Runtime Environment (19.0.2+7) (build 19.0.2+7-44)
# Java VM: OpenJDK 64-Bit Server VM (19.0.2+7-44, mixed mode, sharing, tiered, compressed oops, compressed class ptrs, g1 gc, windows-amd64)
# No core dump will be written. Minidumps are not enabled by default on client versions of Windows
#

---------------  S U M M A R Y ------------

Command Line: -Dfile.encoding=windows-1252 -Duser.country=TR -Duser.language=tr -Duser.variant org.example.Main

Host: 11th Gen Intel(R) Core(TM) i5-1135G7 @ 2.40GHz, 8 cores, 7G,  Windows 11 , 64 bit Build 22621 (10.0.22621.2506)
Time: Thu Dec 28 22:01:41 2023 Azerbaycan Standart Saati elapsed time: 0.525247 seconds (0d 0h 0m 0s)

---------------  T H R E A D  ---------------

Current thread (0x000001ec28ef28d0):  JavaThread "C2 CompilerThread0" daemon [_thread_in_native, id=9164, stack(0x0000008351500000,0x0000008351600000)]


Current CompileTask:
C2:    525 1059       4       jdk.internal.org.objectweb.asm.SymbolTable::addConstantUtf8 (98 bytes)

Stack: [0x0000008351500000,0x0000008351600000]
Native frames: (J=compiled Java code, j=interpreted, Vv=VM code, C=native code)
V  [jvm.dll+0x6ee21a]
V  [jvm.dll+0x85765e]
V  [jvm.dll+0x85904e]
V  [jvm.dll+0x859703]
V  [jvm.dll+0x28298f]
V  [jvm.dll+0xc9adf]
V  [jvm.dll+0xc9e65]
V  [jvm.dll+0x2f7caf]
V  [jvm.dll+0x5f076b]
V  [jvm.dll+0x25590c]
V  [jvm.dll+0x24e1a7]
V  [jvm.dll+0x24b673]
V  [jvm.dll+0x1d6ce1]
V  [jvm.dll+0x25b25a]
V  [jvm.dll+0x2596e8]
V  [jvm.dll+0x807588]
V  [jvm.dll+0x80125a]
V  [jvm.dll+0x6ecf0b]
C  [ucrtbase.dll+0x29363]
C  [KERNEL32.DLL+0x1257d]
C  [ntdll.dll+0x5aa58]


---------------  P R O C E S S  ---------------

Threads class SMR info:
_java_thread_list=0x000001ec2d8baa80, length=14, elements={
0x000001ec0abfda90, 0x000001ec28eebcf0, 0x000001ec28eec9d0, 0x000001ec28eed9f0,
0x000001ec28eefcb0, 0x000001ec28ef0c80, 0x000001ec28ef1840, 0x000001ec28ef28d0,
0x000001ec28ef5340, 0x000001ec28f0bbe0, 0x000001ec2d5462c0, 0x000001ec2d54d650,
0x000001ec2d821ad0, 0x000001ec2d86d9d0
}

Java Threads: ( => current thread )
  0x000001ec0abfda90 JavaThread "main" [_thread_in_vm, id=7652, stack(0x0000008350800000,0x0000008350900000)]
  0x000001ec28eebcf0 JavaThread "Reference Handler" daemon [_thread_blocked, id=14764, stack(0x0000008350f00000,0x0000008351000000)]
  0x000001ec28eec9d0 JavaThread "Finalizer" daemon [_thread_blocked, id=14636, stack(0x0000008351000000,0x0000008351100000)]
  0x000001ec28eed9f0 JavaThread "Signal Dispatcher" daemon [_thread_blocked, id=1188, stack(0x0000008351100000,0x0000008351200000)]
  0x000001ec28eefcb0 JavaThread "Attach Listener" daemon [_thread_blocked, id=14068, stack(0x0000008351200000,0x0000008351300000)]
  0x000001ec28ef0c80 JavaThread "Service Thread" daemon [_thread_blocked, id=18848, stack(0x0000008351300000,0x0000008351400000)]
  0x000001ec28ef1840 JavaThread "Monitor Deflation Thread" daemon [_thread_blocked, id=6376, stack(0x0000008351400000,0x0000008351500000)]
=>0x000001ec28ef28d0 JavaThread "C2 CompilerThread0" daemon [_thread_in_native, id=9164, stack(0x0000008351500000,0x0000008351600000)]
  0x000001ec28ef5340 JavaThread "C1 CompilerThread0" daemon [_thread_blocked, id=7888, stack(0x0000008351600000,0x0000008351700000)]
  0x000001ec28f0bbe0 JavaThread "Sweeper thread" daemon [_thread_blocked, id=17976, stack(0x0000008351700000,0x0000008351800000)]
  0x000001ec2d5462c0 JavaThread "Notification Thread" daemon [_thread_blocked, id=5104, stack(0x0000008351800000,0x0000008351900000)]
  0x000001ec2d54d650 JavaThread "Common-Cleaner" daemon [_thread_blocked, id=16152, stack(0x0000008351a00000,0x0000008351b00000)]
  0x000001ec2d821ad0 JavaThread "C2 CompilerThread1" daemon [_thread_blocked, id=9372, stack(0x0000008351b00000,0x0000008351c00000)]
  0x000001ec2d86d9d0 JavaThread "C2 CompilerThread2" daemon [_thread_blocked, id=17052, stack(0x0000008351c00000,0x0000008351d00000)]

Other Threads:
  0x000001ec28ed1ea0 VMThread "VM Thread" [stack: 0x0000008350e00000,0x0000008350f00000] [id=12096]
  0x000001ec2d548dd0 WatcherThread "VM Periodic Task Thread" [stack: 0x0000008351900000,0x0000008351a00000] [id=18528]
  0x000001ec0ac5ca40 WorkerThread "GC Thread#0" [stack: 0x0000008350900000,0x0000008350a00000] [id=14240]
  0x000001ec0ac6e030 ConcurrentGCThread "G1 Main Marker" [stack: 0x0000008350a00000,0x0000008350b00000] [id=12656]
  0x000001ec0ac6ec00 WorkerThread "G1 Conc#0" [stack: 0x0000008350b00000,0x0000008350c00000] [id=2576]
  0x000001ec0acbe0e0 ConcurrentGCThread "G1 Refine#0" [stack: 0x0000008350c00000,0x0000008350d00000] [id=9892]
  0x000001ec0acbec20 ConcurrentGCThread "G1 Service" [stack: 0x0000008350d00000,0x0000008350e00000] [id=8164]

Threads with active compile tasks:
C2 CompilerThread0      594 1059       4       jdk.internal.org.objectweb.asm.SymbolTable::addConstantUtf8 (98 bytes)

VM state: not at safepoint (normal execution)

VM Mutex/Monitor currently owned by a thread:  ([mutex/lock_event])
[0x000001ec08abad20] Metaspace_lock - owner thread: 0x000001ec0abfda90

Heap address: 0x0000000084c00000, size: 1972 MB, Compressed Oops mode: 32-bit

CDS archive(s) mapped at: [0x0000000800000000-0x0000000800c40000-0x0000000800c40000), size 12845056, SharedBaseAddress: 0x0000000800000000, ArchiveRelocationMode: 0.
Compressed class space mapped at: 0x0000000801000000-0x0000000841000000, reserved size: 1073741824
Narrow klass base: 0x0000000800000000, Narrow klass shift: 0, Narrow klass range: 0x100000000

GC Precious Log:
 CardTable entry size: 512
 Card Set container configuration: InlinePtr #cards 5 size 8 Array Of Cards #cards 12 size 40 Howl #buckets 4 coarsen threshold 1843 Howl Bitmap #cards 512 size 80 coarsen threshold 460 Card regions per heap region 1 cards per card region 2048
 CPUs: 8 total, 8 available
 Memory: 7884M
 Large Page Support: Disabled
 NUMA Support: Disabled
 Compressed Oops: Enabled (32-bit)
 Heap Region Size: 1M
 Heap Min Capacity: 8M
 Heap Initial Capacity: 124M
 Heap Max Capacity: 1972M
 Pre-touch: Disabled
 Parallel Workers: 8
 Concurrent Workers: 2
 Concurrent Refinement Workers: 8
 Periodic GC: Disabled

Heap:
 garbage-first heap   total 126976K, used 21504K [0x0000000084c00000, 0x0000000100000000)
  region size 1024K, 21 young (21504K), 0 survivors (0K)
 Metaspace       used 9348K, committed 9536K, reserved 1114112K
  class space    used 1092K, committed 1216K, reserved 1048576K

Heap Regions: E=young(eden), S=young(survivor), O=old, HS=humongous(starts), HC=humongous(continues), CS=collection set, F=free, OA=open archive, CA=closed archive, TAMS=top-at-mark-start (previous, next)
|   0|0x0000000084c00000, 0x0000000084d00000, 0x0000000084d00000|100%|HS|  |TAMS 0x0000000084c00000, 0x0000000084c00000| Complete 
|   1|0x0000000084d00000, 0x0000000084d00000, 0x0000000084e00000|  0%| F|  |TAMS 0x0000000084d00000, 0x0000000084d00000| Untracked 
|   2|0x0000000084e00000, 0x0000000084e00000, 0x0000000084f00000|  0%| F|  |TAMS 0x0000000084e00000, 0x0000000084e00000| Untracked 
|   3|0x0000000084f00000, 0x0000000084f00000, 0x0000000085000000|  0%| F|  |TAMS 0x0000000084f00000, 0x0000000084f00000| Untracked 
|   4|0x0000000085000000, 0x0000000085000000, 0x0000000085100000|  0%| F|  |TAMS 0x0000000085000000, 0x0000000085000000| Untracked 
|   5|0x0000000085100000, 0x0000000085100000, 0x0000000085200000|  0%| F|  |TAMS 0x0000000085100000, 0x0000000085100000| Untracked 
|   6|0x0000000085200000, 0x0000000085200000, 0x0000000085300000|  0%| F|  |TAMS 0x0000000085200000, 0x0000000085200000| Untracked 
|   7|0x0000000085300000, 0x0000000085300000, 0x0000000085400000|  0%| F|  |TAMS 0x0000000085300000, 0x0000000085300000| Untracked 
|   8|0x0000000085400000, 0x0000000085400000, 0x0000000085500000|  0%| F|  |TAMS 0x0000000085400000, 0x0000000085400000| Untracked 
|   9|0x0000000085500000, 0x0000000085500000, 0x0000000085600000|  0%| F|  |TAMS 0x0000000085500000, 0x0000000085500000| Untracked 
|  10|0x0000000085600000, 0x0000000085600000, 0x0000000085700000|  0%| F|  |TAMS 0x0000000085600000, 0x0000000085600000| Untracked 
|  11|0x0000000085700000, 0x0000000085700000, 0x0000000085800000|  0%| F|  |TAMS 0x0000000085700000, 0x0000000085700000| Untracked 
|  12|0x0000000085800000, 0x0000000085800000, 0x0000000085900000|  0%| F|  |TAMS 0x0000000085800000, 0x0000000085800000| Untracked 
|  13|0x0000000085900000, 0x0000000085900000, 0x0000000085a00000|  0%| F|  |TAMS 0x0000000085900000, 0x0000000085900000| Untracked 
|  14|0x0000000085a00000, 0x0000000085a00000, 0x0000000085b00000|  0%| F|  |TAMS 0x0000000085a00000, 0x0000000085a00000| Untracked 
|  15|0x0000000085b00000, 0x0000000085b00000, 0x0000000085c00000|  0%| F|  |TAMS 0x0000000085b00000, 0x0000000085b00000| Untracked 
|  16|0x0000000085c00000, 0x0000000085c00000, 0x0000000085d00000|  0%| F|  |TAMS 0x0000000085c00000, 0x0000000085c00000| Untracked 
|  17|0x0000000085d00000, 0x0000000085d00000, 0x0000000085e00000|  0%| F|  |TAMS 0x0000000085d00000, 0x0000000085d00000| Untracked 
|  18|0x0000000085e00000, 0x0000000085e00000, 0x0000000085f00000|  0%| F|  |TAMS 0x0000000085e00000, 0x0000000085e00000| Untracked 
|  19|0x0000000085f00000, 0x0000000085f00000, 0x0000000086000000|  0%| F|  |TAMS 0x0000000085f00000, 0x0000000085f00000| Untracked 
|  20|0x0000000086000000, 0x0000000086000000, 0x0000000086100000|  0%| F|  |TAMS 0x0000000086000000, 0x0000000086000000| Untracked 
|  21|0x0000000086100000, 0x0000000086100000, 0x0000000086200000|  0%| F|  |TAMS 0x0000000086100000, 0x0000000086100000| Untracked 
|  22|0x0000000086200000, 0x0000000086200000, 0x0000000086300000|  0%| F|  |TAMS 0x0000000086200000, 0x0000000086200000| Untracked 
|  23|0x0000000086300000, 0x0000000086300000, 0x0000000086400000|  0%| F|  |TAMS 0x0000000086300000, 0x0000000086300000| Untracked 
|  24|0x0000000086400000, 0x0000000086400000, 0x0000000086500000|  0%| F|  |TAMS 0x0000000086400000, 0x0000000086400000| Untracked 
|  25|0x0000000086500000, 0x0000000086500000, 0x0000000086600000|  0%| F|  |TAMS 0x0000000086500000, 0x0000000086500000| Untracked 
|  26|0x0000000086600000, 0x0000000086600000, 0x0000000086700000|  0%| F|  |TAMS 0x0000000086600000, 0x0000000086600000| Untracked 
|  27|0x0000000086700000, 0x0000000086700000, 0x0000000086800000|  0%| F|  |TAMS 0x0000000086700000, 0x0000000086700000| Untracked 
|  28|0x0000000086800000, 0x0000000086800000, 0x0000000086900000|  0%| F|  |TAMS 0x0000000086800000, 0x0000000086800000| Untracked 
|  29|0x0000000086900000, 0x0000000086900000, 0x0000000086a00000|  0%| F|  |TAMS 0x0000000086900000, 0x0000000086900000| Untracked 
|  30|0x0000000086a00000, 0x0000000086a00000, 0x0000000086b00000|  0%| F|  |TAMS 0x0000000086a00000, 0x0000000086a00000| Untracked 
|  31|0x0000000086b00000, 0x0000000086b00000, 0x0000000086c00000|  0%| F|  |TAMS 0x0000000086b00000, 0x0000000086b00000| Untracked 
|  32|0x0000000086c00000, 0x0000000086c00000, 0x0000000086d00000|  0%| F|  |TAMS 0x0000000086c00000, 0x0000000086c00000| Untracked 
|  33|0x0000000086d00000, 0x0000000086d00000, 0x0000000086e00000|  0%| F|  |TAMS 0x0000000086d00000, 0x0000000086d00000| Untracked 
|  34|0x0000000086e00000, 0x0000000086e00000, 0x0000000086f00000|  0%| F|  |TAMS 0x0000000086e00000, 0x0000000086e00000| Untracked 
|  35|0x0000000086f00000, 0x0000000086f00000, 0x0000000087000000|  0%| F|  |TAMS 0x0000000086f00000, 0x0000000086f00000| Untracked 
|  36|0x0000000087000000, 0x0000000087000000, 0x0000000087100000|  0%| F|  |TAMS 0x0000000087000000, 0x0000000087000000| Untracked 
|  37|0x0000000087100000, 0x0000000087100000, 0x0000000087200000|  0%| F|  |TAMS 0x0000000087100000, 0x0000000087100000| Untracked 
|  38|0x0000000087200000, 0x0000000087200000, 0x0000000087300000|  0%| F|  |TAMS 0x0000000087200000, 0x0000000087200000| Untracked 
|  39|0x0000000087300000, 0x0000000087300000, 0x0000000087400000|  0%| F|  |TAMS 0x0000000087300000, 0x0000000087300000| Untracked 
|  40|0x0000000087400000, 0x0000000087400000, 0x0000000087500000|  0%| F|  |TAMS 0x0000000087400000, 0x0000000087400000| Untracked 
|  41|0x0000000087500000, 0x0000000087500000, 0x0000000087600000|  0%| F|  |TAMS 0x0000000087500000, 0x0000000087500000| Untracked 
|  42|0x0000000087600000, 0x0000000087600000, 0x0000000087700000|  0%| F|  |TAMS 0x0000000087600000, 0x0000000087600000| Untracked 
|  43|0x0000000087700000, 0x0000000087700000, 0x0000000087800000|  0%| F|  |TAMS 0x0000000087700000, 0x0000000087700000| Untracked 
|  44|0x0000000087800000, 0x0000000087800000, 0x0000000087900000|  0%| F|  |TAMS 0x0000000087800000, 0x0000000087800000| Untracked 
|  45|0x0000000087900000, 0x0000000087900000, 0x0000000087a00000|  0%| F|  |TAMS 0x0000000087900000, 0x0000000087900000| Untracked 
|  46|0x0000000087a00000, 0x0000000087a00000, 0x0000000087b00000|  0%| F|  |TAMS 0x0000000087a00000, 0x0000000087a00000| Untracked 
|  47|0x0000000087b00000, 0x0000000087b00000, 0x0000000087c00000|  0%| F|  |TAMS 0x0000000087b00000, 0x0000000087b00000| Untracked 
|  48|0x0000000087c00000, 0x0000000087c00000, 0x0000000087d00000|  0%| F|  |TAMS 0x0000000087c00000, 0x0000000087c00000| Untracked 
|  49|0x0000000087d00000, 0x0000000087d00000, 0x0000000087e00000|  0%| F|  |TAMS 0x0000000087d00000, 0x0000000087d00000| Untracked 
|  50|0x0000000087e00000, 0x0000000087e00000, 0x0000000087f00000|  0%| F|  |TAMS 0x0000000087e00000, 0x0000000087e00000| Untracked 
|  51|0x0000000087f00000, 0x0000000087f00000, 0x0000000088000000|  0%| F|  |TAMS 0x0000000087f00000, 0x0000000087f00000| Untracked 
|  52|0x0000000088000000, 0x0000000088000000, 0x0000000088100000|  0%| F|  |TAMS 0x0000000088000000, 0x0000000088000000| Untracked 
|  53|0x0000000088100000, 0x0000000088100000, 0x0000000088200000|  0%| F|  |TAMS 0x0000000088100000, 0x0000000088100000| Untracked 
|  54|0x0000000088200000, 0x0000000088200000, 0x0000000088300000|  0%| F|  |TAMS 0x0000000088200000, 0x0000000088200000| Untracked 
|  55|0x0000000088300000, 0x0000000088300000, 0x0000000088400000|  0%| F|  |TAMS 0x0000000088300000, 0x0000000088300000| Untracked 
|  56|0x0000000088400000, 0x0000000088400000, 0x0000000088500000|  0%| F|  |TAMS 0x0000000088400000, 0x0000000088400000| Untracked 
|  57|0x0000000088500000, 0x0000000088500000, 0x0000000088600000|  0%| F|  |TAMS 0x0000000088500000, 0x0000000088500000| Untracked 
|  58|0x0000000088600000, 0x0000000088600000, 0x0000000088700000|  0%| F|  |TAMS 0x0000000088600000, 0x0000000088600000| Untracked 
|  59|0x0000000088700000, 0x0000000088700000, 0x0000000088800000|  0%| F|  |TAMS 0x0000000088700000, 0x0000000088700000| Untracked 
|  60|0x0000000088800000, 0x0000000088800000, 0x0000000088900000|  0%| F|  |TAMS 0x0000000088800000, 0x0000000088800000| Untracked 
|  61|0x0000000088900000, 0x0000000088900000, 0x0000000088a00000|  0%| F|  |TAMS 0x0000000088900000, 0x0000000088900000| Untracked 
|  62|0x0000000088a00000, 0x0000000088a00000, 0x0000000088b00000|  0%| F|  |TAMS 0x0000000088a00000, 0x0000000088a00000| Untracked 
|  63|0x0000000088b00000, 0x0000000088b00000, 0x0000000088c00000|  0%| F|  |TAMS 0x0000000088b00000, 0x0000000088b00000| Untracked 
|  64|0x0000000088c00000, 0x0000000088c00000, 0x0000000088d00000|  0%| F|  |TAMS 0x0000000088c00000, 0x0000000088c00000| Untracked 
|  65|0x0000000088d00000, 0x0000000088d00000, 0x0000000088e00000|  0%| F|  |TAMS 0x0000000088d00000, 0x0000000088d00000| Untracked 
|  66|0x0000000088e00000, 0x0000000088e00000, 0x0000000088f00000|  0%| F|  |TAMS 0x0000000088e00000, 0x0000000088e00000| Untracked 
|  67|0x0000000088f00000, 0x0000000088f00000, 0x0000000089000000|  0%| F|  |TAMS 0x0000000088f00000, 0x0000000088f00000| Untracked 
|  68|0x0000000089000000, 0x0000000089000000, 0x0000000089100000|  0%| F|  |TAMS 0x0000000089000000, 0x0000000089000000| Untracked 
|  69|0x0000000089100000, 0x0000000089100000, 0x0000000089200000|  0%| F|  |TAMS 0x0000000089100000, 0x0000000089100000| Untracked 
|  70|0x0000000089200000, 0x0000000089200000, 0x0000000089300000|  0%| F|  |TAMS 0x0000000089200000, 0x0000000089200000| Untracked 
|  71|0x0000000089300000, 0x0000000089300000, 0x0000000089400000|  0%| F|  |TAMS 0x0000000089300000, 0x0000000089300000| Untracked 
|  72|0x0000000089400000, 0x0000000089400000, 0x0000000089500000|  0%| F|  |TAMS 0x0000000089400000, 0x0000000089400000| Untracked 
|  73|0x0000000089500000, 0x0000000089500000, 0x0000000089600000|  0%| F|  |TAMS 0x0000000089500000, 0x0000000089500000| Untracked 
|  74|0x0000000089600000, 0x0000000089600000, 0x0000000089700000|  0%| F|  |TAMS 0x0000000089600000, 0x0000000089600000| Untracked 
|  75|0x0000000089700000, 0x0000000089700000, 0x0000000089800000|  0%| F|  |TAMS 0x0000000089700000, 0x0000000089700000| Untracked 
|  76|0x0000000089800000, 0x0000000089800000, 0x0000000089900000|  0%| F|  |TAMS 0x0000000089800000, 0x0000000089800000| Untracked 
|  77|0x0000000089900000, 0x0000000089900000, 0x0000000089a00000|  0%| F|  |TAMS 0x0000000089900000, 0x0000000089900000| Untracked 
|  78|0x0000000089a00000, 0x0000000089a00000, 0x0000000089b00000|  0%| F|  |TAMS 0x0000000089a00000, 0x0000000089a00000| Untracked 
|  79|0x0000000089b00000, 0x0000000089b00000, 0x0000000089c00000|  0%| F|  |TAMS 0x0000000089b00000, 0x0000000089b00000| Untracked 
|  80|0x0000000089c00000, 0x0000000089c00000, 0x0000000089d00000|  0%| F|  |TAMS 0x0000000089c00000, 0x0000000089c00000| Untracked 
|  81|0x0000000089d00000, 0x0000000089d00000, 0x0000000089e00000|  0%| F|  |TAMS 0x0000000089d00000, 0x0000000089d00000| Untracked 
|  82|0x0000000089e00000, 0x0000000089e00000, 0x0000000089f00000|  0%| F|  |TAMS 0x0000000089e00000, 0x0000000089e00000| Untracked 
|  83|0x0000000089f00000, 0x0000000089f00000, 0x000000008a000000|  0%| F|  |TAMS 0x0000000089f00000, 0x0000000089f00000| Untracked 
|  84|0x000000008a000000, 0x000000008a000000, 0x000000008a100000|  0%| F|  |TAMS 0x000000008a000000, 0x000000008a000000| Untracked 
|  85|0x000000008a100000, 0x000000008a100000, 0x000000008a200000|  0%| F|  |TAMS 0x000000008a100000, 0x000000008a100000| Untracked 
|  86|0x000000008a200000, 0x000000008a200000, 0x000000008a300000|  0%| F|  |TAMS 0x000000008a200000, 0x000000008a200000| Untracked 
|  87|0x000000008a300000, 0x000000008a300000, 0x000000008a400000|  0%| F|  |TAMS 0x000000008a300000, 0x000000008a300000| Untracked 
|  88|0x000000008a400000, 0x000000008a400000, 0x000000008a500000|  0%| F|  |TAMS 0x000000008a400000, 0x000000008a400000| Untracked 
|  89|0x000000008a500000, 0x000000008a500000, 0x000000008a600000|  0%| F|  |TAMS 0x000000008a500000, 0x000000008a500000| Untracked 
|  90|0x000000008a600000, 0x000000008a600000, 0x000000008a700000|  0%| F|  |TAMS 0x000000008a600000, 0x000000008a600000| Untracked 
|  91|0x000000008a700000, 0x000000008a700000, 0x000000008a800000|  0%| F|  |TAMS 0x000000008a700000, 0x000000008a700000| Untracked 
|  92|0x000000008a800000, 0x000000008a800000, 0x000000008a900000|  0%| F|  |TAMS 0x000000008a800000, 0x000000008a800000| Untracked 
|  93|0x000000008a900000, 0x000000008a900000, 0x000000008aa00000|  0%| F|  |TAMS 0x000000008a900000, 0x000000008a900000| Untracked 
|  94|0x000000008aa00000, 0x000000008aa00000, 0x000000008ab00000|  0%| F|  |TAMS 0x000000008aa00000, 0x000000008aa00000| Untracked 
|  95|0x000000008ab00000, 0x000000008ab00000, 0x000000008ac00000|  0%| F|  |TAMS 0x000000008ab00000, 0x000000008ab00000| Untracked 
|  96|0x000000008ac00000, 0x000000008ac00000, 0x000000008ad00000|  0%| F|  |TAMS 0x000000008ac00000, 0x000000008ac00000| Untracked 
|  97|0x000000008ad00000, 0x000000008ad00000, 0x000000008ae00000|  0%| F|  |TAMS 0x000000008ad00000, 0x000000008ad00000| Untracked 
|  98|0x000000008ae00000, 0x000000008ae00000, 0x000000008af00000|  0%| F|  |TAMS 0x000000008ae00000, 0x000000008ae00000| Untracked 
|  99|0x000000008af00000, 0x000000008af00000, 0x000000008b000000|  0%| F|  |TAMS 0x000000008af00000, 0x000000008af00000| Untracked 
| 100|0x000000008b000000, 0x000000008b000000, 0x000000008b100000|  0%| F|  |TAMS 0x000000008b000000, 0x000000008b000000| Untracked 
| 101|0x000000008b100000, 0x000000008b100000, 0x000000008b200000|  0%| F|  |TAMS 0x000000008b100000, 0x000000008b100000| Untracked 
| 102|0x000000008b200000, 0x000000008b200000, 0x000000008b300000|  0%| F|  |TAMS 0x000000008b200000, 0x000000008b200000| Untracked 
| 103|0x000000008b300000, 0x000000008b3ee088, 0x000000008b400000| 92%| E|  |TAMS 0x000000008b300000, 0x000000008b300000| Complete 
| 104|0x000000008b400000, 0x000000008b500000, 0x000000008b500000|100%| E|CS|TAMS 0x000000008b400000, 0x000000008b400000| Complete 
| 105|0x000000008b500000, 0x000000008b600000, 0x000000008b600000|100%| E|CS|TAMS 0x000000008b500000, 0x000000008b500000| Complete 
| 106|0x000000008b600000, 0x000000008b700000, 0x000000008b700000|100%| E|CS|TAMS 0x000000008b600000, 0x000000008b600000| Complete 
| 107|0x000000008b700000, 0x000000008b800000, 0x000000008b800000|100%| E|CS|TAMS 0x000000008b700000, 0x000000008b700000| Complete 
| 108|0x000000008b800000, 0x000000008b900000, 0x000000008b900000|100%| E|CS|TAMS 0x000000008b800000, 0x000000008b800000| Complete 
| 109|0x000000008b900000, 0x000000008ba00000, 0x000000008ba00000|100%| E|CS|TAMS 0x000000008b900000, 0x000000008b900000| Complete 
| 110|0x000000008ba00000, 0x000000008bb00000, 0x000000008bb00000|100%| E|CS|TAMS 0x000000008ba00000, 0x000000008ba00000| Complete 
| 111|0x000000008bb00000, 0x000000008bc00000, 0x000000008bc00000|100%| E|CS|TAMS 0x000000008bb00000, 0x000000008bb00000| Complete 
| 112|0x000000008bc00000, 0x000000008bd00000, 0x000000008bd00000|100%| E|CS|TAMS 0x000000008bc00000, 0x000000008bc00000| Complete 
| 113|0x000000008bd00000, 0x000000008be00000, 0x000000008be00000|100%| E|CS|TAMS 0x000000008bd00000, 0x000000008bd00000| Complete 
| 114|0x000000008be00000, 0x000000008bf00000, 0x000000008bf00000|100%| E|CS|TAMS 0x000000008be00000, 0x000000008be00000| Complete 
| 115|0x000000008bf00000, 0x000000008c000000, 0x000000008c000000|100%| E|CS|TAMS 0x000000008bf00000, 0x000000008bf00000| Complete 
| 116|0x000000008c000000, 0x000000008c100000, 0x000000008c100000|100%| E|CS|TAMS 0x000000008c000000, 0x000000008c000000| Complete 
| 117|0x000000008c100000, 0x000000008c200000, 0x000000008c200000|100%| E|CS|TAMS 0x000000008c100000, 0x000000008c100000| Complete 
| 118|0x000000008c200000, 0x000000008c300000, 0x000000008c300000|100%| E|CS|TAMS 0x000000008c200000, 0x000000008c200000| Complete 
| 119|0x000000008c300000, 0x000000008c400000, 0x000000008c400000|100%| E|CS|TAMS 0x000000008c300000, 0x000000008c300000| Complete 
| 120|0x000000008c400000, 0x000000008c500000, 0x000000008c500000|100%| E|CS|TAMS 0x000000008c400000, 0x000000008c400000| Complete 
| 121|0x000000008c500000, 0x000000008c600000, 0x000000008c600000|100%| E|CS|TAMS 0x000000008c500000, 0x000000008c500000| Complete 
| 122|0x000000008c600000, 0x000000008c700000, 0x000000008c700000|100%| E|CS|TAMS 0x000000008c600000, 0x000000008c600000| Complete 
| 123|0x000000008c700000, 0x000000008c800000, 0x000000008c800000|100%| E|CS|TAMS 0x000000008c700000, 0x000000008c700000| Complete 

Card table byte_map: [0x000001ec22260000,0x000001ec22640000] _byte_map_base: 0x000001ec21e3a000

Marking Bits (Prev, Next): (CMBitMap*) 0x000001ec0ac5e080, (CMBitMap*) 0x000001ec0ac5e0c0
 Prev Bits: [0x000001ec22a20000, 0x000001ec248f0000)
 Next Bits: [0x000001ec248f0000, 0x000001ec267c0000)

Polling page: 0x000001ec0a3c0000

Metaspace:

Usage:
  Non-class:      8.06 MB used.
      Class:      1.07 MB used.
       Both:      9.13 MB used.

Virtual space:
  Non-class space:       64.00 MB reserved,       8.12 MB ( 13%) committed,  1 nodes.
      Class space:        1.00 GB reserved,       1.19 MB ( <1%) committed,  1 nodes.
             Both:        1.06 GB reserved,       9.31 MB ( <1%) committed. 

Chunk freelists:
   Non-Class:  3.39 MB
       Class:  2.73 MB
        Both:  6.12 MB

MaxMetaspaceSize: unlimited
CompressedClassSpaceSize: 1.00 GB
Initial GC threshold: 21.00 MB
Current GC threshold: 21.00 MB
CDS: on
MetaspaceReclaimPolicy: balanced
 - commit_granule_bytes: 65536.
 - commit_granule_words: 8192.
 - virtual_space_node_default_size: 8388608.
 - enlarge_chunks_in_place: 1.
 - new_chunks_are_fully_committed: 0.
 - uncommit_free_chunks: 1.
 - use_allocation_guard: 0.


Internal statistics:

num_allocs_failed_limit: 0.
num_arena_births: 118.
num_arena_deaths: 0.
num_vsnodes_births: 2.
num_vsnodes_deaths: 0.
num_space_committed: 149.
num_space_uncommitted: 0.
num_chunks_returned_to_freelist: 0.
num_chunks_taken_from_freelist: 307.
num_chunk_merges: 0.
num_chunk_splits: 217.
num_chunks_enlarged: 162.
num_inconsistent_stats: 0.

CodeHeap 'non-profiled nmethods': size=120000Kb used=350Kb max_used=350Kb free=119649Kb
 bounds [0x000001ec1a620000, 0x000001ec1a890000, 0x000001ec21b50000]
CodeHeap 'profiled nmethods': size=120000Kb used=1890Kb max_used=1890Kb free=118109Kb
 bounds [0x000001ec12b50000, 0x000001ec12dc0000, 0x000001ec1a080000]
CodeHeap 'non-nmethods': size=5760Kb used=1273Kb max_used=1289Kb free=4486Kb
 bounds [0x000001ec1a080000, 0x000001ec1a2f0000, 0x000001ec1a620000]
 total_blobs=1559 nmethods=1089 adapters=381
 compilation: enabled
              stopped_count=0, restarted_count=0
 full_count=0

Compilation events (20 events):
Event: 0.514 Thread 0x000001ec28ef5340 1058       3       java.lang.invoke.InvokerBytecodeGenerator::emitLoadInsn (21 bytes)
Event: 0.514 Thread 0x000001ec28ef5340 nmethod 1058 0x000001ec12d17090 code [0x000001ec12d17240, 0x000001ec12d17498]
Event: 0.514 Thread 0x000001ec28ef5340 1060       3       java.util.ImmutableCollections$ListN::get (7 bytes)
Event: 0.514 Thread 0x000001ec28ef5340 nmethod 1060 0x000001ec12d17610 code [0x000001ec12d177a0, 0x000001ec12d178d8]
Event: 0.514 Thread 0x000001ec28ef5340 1063       3       jdk.internal.org.objectweb.asm.MethodWriter::computeAllFrames (510 bytes)
Event: 0.515 Thread 0x000001ec28ef5340 nmethod 1063 0x000001ec12d17990 code [0x000001ec12d17ce0, 0x000001ec12d19148]
Event: 0.515 Thread 0x000001ec28ef5340 1064       3       jdk.internal.org.objectweb.asm.Frame::setInputFrameFromDescriptor (175 bytes)
Event: 0.516 Thread 0x000001ec28ef5340 nmethod 1064 0x000001ec12d19c10 code [0x000001ec12d19e40, 0x000001ec12d1a618]
Event: 0.516 Thread 0x000001ec28ef5340 1065       3       jdk.internal.org.objectweb.asm.Type::getArgumentTypes (154 bytes)
Event: 0.517 Thread 0x000001ec28ef5340 nmethod 1065 0x000001ec12d1aa10 code [0x000001ec12d1aec0, 0x000001ec12d1d7a8]
Event: 0.517 Thread 0x000001ec28ef5340 1067       3       java.lang.reflect.Method::<init> (68 bytes)
Event: 0.517 Thread 0x000001ec28ef5340 nmethod 1067 0x000001ec12d1e710 code [0x000001ec12d1e8e0, 0x000001ec12d1ee78]
Event: 0.517 Thread 0x000001ec28ef5340 1066       3       java.lang.ClassLoader::compareCerts (197 bytes)
Event: 0.518 Thread 0x000001ec28ef5340 nmethod 1066 0x000001ec12d1ef90 code [0x000001ec12d1f1c0, 0x000001ec12d1fa78]
Event: 0.518 Thread 0x000001ec2d86d9d0 1068       4       java.nio.DirectIntBufferU::ix (10 bytes)
Event: 0.518 Thread 0x000001ec2d86d9d0 nmethod 1068 0x000001ec1a675190 code [0x000001ec1a675300, 0x000001ec1a675378]
Event: 0.519 Thread 0x000001ec28ef5340 1069       3       java.lang.invoke.Invokers::checkExactType (17 bytes)
Event: 0.519 Thread 0x000001ec28ef5340 nmethod 1069 0x000001ec12d1fd90 code [0x000001ec12d1ff40, 0x000001ec12d20148]
Event: 0.519 Thread 0x000001ec28ef5340 1070       3       java.lang.invoke.Invokers::checkCustomized (23 bytes)
Event: 0.519 Thread 0x000001ec28ef5340 nmethod 1070 0x000001ec12d20290 code [0x000001ec12d20440, 0x000001ec12d20608]

GC Heap History (0 events):
No events

Dll operation events (7 events):
Event: 0.005 Loaded shared library C:\Users\bpservice.ir\.jdks\openjdk-19.0.2\bin\java.dll
Event: 0.012 Loaded shared library C:\Users\bpservice.ir\.jdks\openjdk-19.0.2\bin\jsvml.dll
Event: 0.049 Loaded shared library C:\Users\bpservice.ir\.jdks\openjdk-19.0.2\bin\net.dll
Event: 0.051 Loaded shared library C:\Users\bpservice.ir\.jdks\openjdk-19.0.2\bin\nio.dll
Event: 0.054 Loaded shared library C:\Users\bpservice.ir\.jdks\openjdk-19.0.2\bin\zip.dll
Event: 0.073 Loaded shared library C:\Users\bpservice.ir\.jdks\openjdk-19.0.2\bin\jimage.dll
Event: 0.325 Loaded shared library C:\Users\bpservice.ir\.jdks\openjdk-19.0.2\bin\verify.dll

Deoptimization events (20 events):
Event: 0.429 Thread 0x000001ec0abfda90 DEOPT PACKING pc=0x000001ec1a6665b4 sp=0x00000083508fb090
Event: 0.429 Thread 0x000001ec0abfda90 DEOPT UNPACKING pc=0x000001ec1a0ea5a3 sp=0x00000083508fb018 mode 2
Event: 0.429 Thread 0x000001ec0abfda90 Uncommon trap: trap_request=0xffffffde fr.pc=0x000001ec1a6665b4 relative=0x0000000000000114
Event: 0.429 Thread 0x000001ec0abfda90 Uncommon trap: reason=class_check action=maybe_recompile pc=0x000001ec1a6665b4 method=jdk.internal.misc.Unsafe.allocateUninitializedArray(Ljava/lang/Class;I)Ljava/lang/Object; @ 51 c2
Event: 0.429 Thread 0x000001ec0abfda90 DEOPT PACKING pc=0x000001ec1a6665b4 sp=0x00000083508fb130
Event: 0.429 Thread 0x000001ec0abfda90 DEOPT UNPACKING pc=0x000001ec1a0ea5a3 sp=0x00000083508fb0b8 mode 2
Event: 0.429 Thread 0x000001ec0abfda90 Uncommon trap: trap_request=0xffffffde fr.pc=0x000001ec1a6665b4 relative=0x0000000000000114
Event: 0.429 Thread 0x000001ec0abfda90 Uncommon trap: reason=class_check action=maybe_recompile pc=0x000001ec1a6665b4 method=jdk.internal.misc.Unsafe.allocateUninitializedArray(Ljava/lang/Class;I)Ljava/lang/Object; @ 51 c2
Event: 0.429 Thread 0x000001ec0abfda90 DEOPT PACKING pc=0x000001ec1a6665b4 sp=0x00000083508faac0
Event: 0.429 Thread 0x000001ec0abfda90 DEOPT UNPACKING pc=0x000001ec1a0ea5a3 sp=0x00000083508faa48 mode 2
Event: 0.429 Thread 0x000001ec0abfda90 Uncommon trap: trap_request=0xffffffde fr.pc=0x000001ec1a6665b4 relative=0x0000000000000114
Event: 0.429 Thread 0x000001ec0abfda90 Uncommon trap: reason=class_check action=maybe_recompile pc=0x000001ec1a6665b4 method=jdk.internal.misc.Unsafe.allocateUninitializedArray(Ljava/lang/Class;I)Ljava/lang/Object; @ 51 c2
Event: 0.429 Thread 0x000001ec0abfda90 DEOPT PACKING pc=0x000001ec1a6665b4 sp=0x00000083508faf50
Event: 0.429 Thread 0x000001ec0abfda90 DEOPT UNPACKING pc=0x000001ec1a0ea5a3 sp=0x00000083508faed8 mode 2
Event: 0.478 Thread 0x000001ec0abfda90 DEOPT PACKING pc=0x000001ec12ca473f sp=0x00000083508fc9d0
Event: 0.478 Thread 0x000001ec0abfda90 DEOPT UNPACKING pc=0x000001ec1a0eb0e3 sp=0x00000083508fbe58 mode 0
Event: 0.509 Thread 0x000001ec0abfda90 Uncommon trap: trap_request=0xffffff45 fr.pc=0x000001ec1a661898 relative=0x0000000000000278
Event: 0.509 Thread 0x000001ec0abfda90 Uncommon trap: reason=unstable_if action=reinterpret pc=0x000001ec1a661898 method=java.util.concurrent.ConcurrentHashMap.get(Ljava/lang/Object;)Ljava/lang/Object; @ 152 c2
Event: 0.509 Thread 0x000001ec0abfda90 DEOPT PACKING pc=0x000001ec1a661898 sp=0x00000083508fda00
Event: 0.509 Thread 0x000001ec0abfda90 DEOPT UNPACKING pc=0x000001ec1a0ea5a3 sp=0x00000083508fd978 mode 2

Classes loaded (20 events):
Event: 0.389 Loading class java/lang/reflect/UndeclaredThrowableException
Event: 0.389 Loading class java/lang/reflect/UndeclaredThrowableException done
Event: 0.392 Loading class java/lang/Class$AnnotationData
Event: 0.392 Loading class java/lang/Class$AnnotationData done
Event: 0.392 Loading class java/io/Console
Event: 0.392 Loading class java/io/Console done
Event: 0.392 Loading class java/nio/channels/Channel
Event: 0.392 Loading class java/nio/channels/Channel done
Event: 0.392 Loading class java/lang/Deprecated
Event: 0.392 Loading class java/lang/Deprecated done
Event: 0.414 Loading class java/util/AbstractList$Itr
Event: 0.414 Loading class java/util/AbstractList$Itr done
Event: 0.443 Loading class java/lang/annotation/ElementType
Event: 0.443 Loading class java/lang/annotation/ElementType done
Event: 0.489 Loading class java/lang/invoke/DirectMethodHandle$Special
Event: 0.490 Loading class java/lang/invoke/DirectMethodHandle$Special done
Event: 0.496 Loading class java/util/concurrent/atomic/AtomicBoolean
Event: 0.496 Loading class java/util/concurrent/atomic/AtomicBoolean done
Event: 0.508 Loading class jdk/internal/vm/annotation/IntrinsicCandidate
Event: 0.508 Loading class jdk/internal/vm/annotation/IntrinsicCandidate done

Classes unloaded (0 events):
No events

Classes redefined (0 events):
No events

Internal exceptions (6 events):
Event: 0.106 Thread 0x000001ec0abfda90 Exception <a 'java/lang/NoSuchMethodError'{0x000000008c49e9a0}: 'java.lang.ClassLoader java.lang.Class.getClassLoader(java.lang.Class)'> (0x000000008c49e9a0) 
thrown [s\open\src\hotspot\share\interpreter\linkResolver.cpp, line 774]
Event: 0.107 Thread 0x000001ec0abfda90 Exception <a 'java/lang/NoSuchMethodError'{0x000000008c4aa0a8}: 'java.lang.Object java.lang.invoke.DirectMethodHandle$Holder.invokeStatic(java.lang.Object, java.lang.Object, int)'> (0x000000008c4aa0a8) 
thrown [s\open\src\hotspot\share\interpreter\linkResolver.cpp, line 774]
Event: 0.108 Thread 0x000001ec0abfda90 Exception <a 'java/lang/NoSuchMethodError'{0x000000008c4b6248}: 'void java.lang.invoke.DelegatingMethodHandle$Holder.delegate(java.lang.Object, java.lang.Object, int, java.lang.Object)'> (0x000000008c4b6248) 
thrown [s\open\src\hotspot\share\interpreter\linkResolver.cpp, line 774]
Event: 0.109 Thread 0x000001ec0abfda90 Exception <a 'java/lang/NoSuchMethodError'{0x000000008c4ba4a0}: 'int java.lang.invoke.DirectMethodHandle$Holder.invokeSpecial(java.lang.Object, java.lang.Object, java.lang.Object)'> (0x000000008c4ba4a0) 
thrown [s\open\src\hotspot\share\interpreter\linkResolver.cpp, line 774]
Event: 0.194 Thread 0x000001ec0abfda90 Exception <a 'java/lang/ClassNotFoundException'{0x000000008c100d68}: com/sun/org/apache/xerces/internal/impl/xpath/regex/spi/messageProvider> (0x000000008c100d68) 
thrown [s\open\src\hotspot\share\classfile\systemDictionary.cpp, line 255]
Event: 0.454 Thread 0x000001ec0abfda90 Exception <a 'java/lang/NoSuchMethodError'{0x000000008b8e5810}: 'int java.lang.invoke.DirectMethodHandle$Holder.invokeVirtual(java.lang.Object, java.lang.Object)'> (0x000000008b8e5810) 
thrown [s\open\src\hotspot\share\interpreter\linkResolver.cpp, line 774]

VM Operations (10 events):
Event: 0.060 Executing VM operation: HandshakeAllThreads
Event: 0.060 Executing VM operation: HandshakeAllThreads done
Event: 0.155 Executing VM operation: HandshakeAllThreads
Event: 0.155 Executing VM operation: HandshakeAllThreads done
Event: 0.202 Executing VM operation: HandshakeAllThreads
Event: 0.202 Executing VM operation: HandshakeAllThreads done
Event: 0.212 Executing VM operation: HandshakeAllThreads
Event: 0.212 Executing VM operation: HandshakeAllThreads done
Event: 0.305 Executing VM operation: HandshakeAllThreads
Event: 0.305 Executing VM operation: HandshakeAllThreads done

Events (14 events):
Event: 0.012 Thread 0x000001ec0abfda90 Thread added: 0x000001ec0abfda90
Event: 0.021 Thread 0x000001ec28eebcf0 Thread added: 0x000001ec28eebcf0
Event: 0.021 Thread 0x000001ec28eec9d0 Thread added: 0x000001ec28eec9d0
Event: 0.021 Thread 0x000001ec28eed9f0 Thread added: 0x000001ec28eed9f0
Event: 0.021 Thread 0x000001ec28eefcb0 Thread added: 0x000001ec28eefcb0
Event: 0.021 Thread 0x000001ec28ef0c80 Thread added: 0x000001ec28ef0c80
Event: 0.021 Thread 0x000001ec28ef1840 Thread added: 0x000001ec28ef1840
Event: 0.021 Thread 0x000001ec28ef28d0 Thread added: 0x000001ec28ef28d0
Event: 0.021 Thread 0x000001ec28ef5340 Thread added: 0x000001ec28ef5340
Event: 0.022 Thread 0x000001ec28f0bbe0 Thread added: 0x000001ec28f0bbe0
Event: 0.042 Thread 0x000001ec2d5462c0 Thread added: 0x000001ec2d5462c0
Event: 0.044 Thread 0x000001ec2d54d650 Thread added: 0x000001ec2d54d650
Event: 0.244 Thread 0x000001ec2d821ad0 Thread added: 0x000001ec2d821ad0
Event: 0.245 Thread 0x000001ec2d86d9d0 Thread added: 0x000001ec2d86d9d0


Dynamic libraries:
0x00007ff6cbe60000 - 0x00007ff6cbe6e000 	C:\Users\bpservice.ir\.jdks\openjdk-19.0.2\bin\java.exe
0x00007ff9d66d0000 - 0x00007ff9d68e7000 	C:\WINDOWS\SYSTEM32\ntdll.dll
0x00007ff9d4420000 - 0x00007ff9d44e4000 	C:\WINDOWS\System32\KERNEL32.DLL
0x00007ff9d4070000 - 0x00007ff9d4416000 	C:\WINDOWS\System32\KERNELBASE.dll
0x00007ff9d3de0000 - 0x00007ff9d3ef1000 	C:\WINDOWS\System32\ucrtbase.dll
0x00007ff9cbff0000 - 0x00007ff9cc007000 	C:\Users\bpservice.ir\.jdks\openjdk-19.0.2\bin\jli.dll
0x00007ff9abd60000 - 0x00007ff9abd7b000 	C:\Users\bpservice.ir\.jdks\openjdk-19.0.2\bin\VCRUNTIME140.dll
0x00007ff9d4fc0000 - 0x00007ff9d516e000 	C:\WINDOWS\System32\USER32.dll
0x00007ff9d3ba0000 - 0x00007ff9d3bc6000 	C:\WINDOWS\System32\win32u.dll
0x00007ff9d44f0000 - 0x00007ff9d4519000 	C:\WINDOWS\System32\GDI32.dll
0x00007ff9a57e0000 - 0x00007ff9a5a73000 	C:\WINDOWS\WinSxS\amd64_microsoft.windows.common-controls_6595b64144ccf1df_6.0.22621.2506_none_270c5ae97388e100\COMCTL32.dll
0x00007ff9d3bd0000 - 0x00007ff9d3ce8000 	C:\WINDOWS\System32\gdi32full.dll
0x00007ff9d4530000 - 0x00007ff9d45d7000 	C:\WINDOWS\System32\msvcrt.dll
0x00007ff9d3b00000 - 0x00007ff9d3b9a000 	C:\WINDOWS\System32\msvcp_win.dll
0x00007ff9d5170000 - 0x00007ff9d51a1000 	C:\WINDOWS\System32\IMM32.DLL
0x00007ff9c8800000 - 0x00007ff9c880c000 	C:\Users\bpservice.ir\.jdks\openjdk-19.0.2\bin\vcruntime140_1.dll
0x00007ff9a07c0000 - 0x00007ff9a084e000 	C:\Users\bpservice.ir\.jdks\openjdk-19.0.2\bin\msvcp140.dll
0x00007ff91e650000 - 0x00007ff91f310000 	C:\Users\bpservice.ir\.jdks\openjdk-19.0.2\bin\server\jvm.dll
0x00007ff9d5860000 - 0x00007ff9d5911000 	C:\WINDOWS\System32\ADVAPI32.dll
0x00007ff9d4700000 - 0x00007ff9d47a5000 	C:\WINDOWS\System32\sechost.dll
0x00007ff9d4df0000 - 0x00007ff9d4f07000 	C:\WINDOWS\System32\RPCRT4.dll
0x00007ff998b40000 - 0x00007ff998b49000 	C:\WINDOWS\SYSTEM32\WSOCK32.dll
0x00007ff9d5230000 - 0x00007ff9d52a1000 	C:\WINDOWS\System32\WS2_32.dll
0x00007ff9c8c50000 - 0x00007ff9c8c84000 	C:\WINDOWS\SYSTEM32\WINMM.dll
0x00007ff9c5ea0000 - 0x00007ff9c5eaa000 	C:\WINDOWS\SYSTEM32\VERSION.dll
0x00007ff9d2b30000 - 0x00007ff9d2b48000 	C:\WINDOWS\SYSTEM32\kernel.appcore.dll
0x00007ff9c6ea0000 - 0x00007ff9c6eaa000 	C:\Users\bpservice.ir\.jdks\openjdk-19.0.2\bin\jimage.dll
0x00007ff9d0eb0000 - 0x00007ff9d10e3000 	C:\WINDOWS\SYSTEM32\DBGHELP.DLL
0x00007ff9d4a60000 - 0x00007ff9d4de9000 	C:\WINDOWS\System32\combase.dll
0x00007ff9d47c0000 - 0x00007ff9d4897000 	C:\WINDOWS\System32\OLEAUT32.dll
0x00007ff9c16f0000 - 0x00007ff9c1722000 	C:\WINDOWS\SYSTEM32\dbgcore.DLL
0x00007ff9d3cf0000 - 0x00007ff9d3d6a000 	C:\WINDOWS\System32\bcryptPrimitives.dll
0x00007ff9a48d0000 - 0x00007ff9a48f6000 	C:\Users\bpservice.ir\.jdks\openjdk-19.0.2\bin\java.dll
0x00007ff95a9c0000 - 0x00007ff95aa97000 	C:\Users\bpservice.ir\.jdks\openjdk-19.0.2\bin\jsvml.dll
0x00007ff9d5da0000 - 0x00007ff9d65fa000 	C:\WINDOWS\System32\SHELL32.dll
0x00007ff9d1970000 - 0x00007ff9d2266000 	C:\WINDOWS\SYSTEM32\windows.storage.dll
0x00007ff9d1830000 - 0x00007ff9d196e000 	C:\WINDOWS\SYSTEM32\wintypes.dll
0x00007ff9d5760000 - 0x00007ff9d5853000 	C:\WINDOWS\System32\SHCORE.dll
0x00007ff9d55b0000 - 0x00007ff9d560e000 	C:\WINDOWS\System32\shlwapi.dll
0x00007ff9d3970000 - 0x00007ff9d3996000 	C:\WINDOWS\SYSTEM32\profapi.dll
0x00007ff9a08c0000 - 0x00007ff9a08d3000 	C:\Users\bpservice.ir\.jdks\openjdk-19.0.2\bin\net.dll
0x00007ff9cac60000 - 0x00007ff9cad97000 	C:\WINDOWS\SYSTEM32\WINHTTP.dll
0x00007ff9d2fb0000 - 0x00007ff9d3019000 	C:\WINDOWS\system32\mswsock.dll
0x00007ff9a0890000 - 0x00007ff9a08a6000 	C:\Users\bpservice.ir\.jdks\openjdk-19.0.2\bin\nio.dll
0x00007ff9abd40000 - 0x00007ff9abd58000 	C:\Users\bpservice.ir\.jdks\openjdk-19.0.2\bin\zip.dll
0x00007ff9c2da0000 - 0x00007ff9c2db0000 	C:\Users\bpservice.ir\.jdks\openjdk-19.0.2\bin\verify.dll

dbghelp: loaded successfully - version: 4.0.5 - missing functions: none
symbol engine: initialized successfully - sym options: 0x614 - pdb path: .;C:\Users\bpservice.ir\.jdks\openjdk-19.0.2\bin;C:\WINDOWS\SYSTEM32;C:\WINDOWS\WinSxS\amd64_microsoft.windows.common-controls_6595b64144ccf1df_6.0.22621.2506_none_270c5ae97388e100;C:\Users\bpservice.ir\.jdks\openjdk-19.0.2\bin\server

VM Arguments:
jvm_args: -Dfile.encoding=windows-1252 -Duser.country=TR -Duser.language=tr -Duser.variant 
java_command: org.example.Main
java_class_path (initial): C:\Users\bpservice.ir\Desktop\Lesson27-JPA\build\classes\java\main;C:\Users\bpservice.ir\Desktop\Lesson27-JPA\build\resources\main;C:\Users\bpservice.ir\.gradle\caches\modules-2\files-2.1\org.postgresql\postgresql\42.5.4\15015a54f15e340a9a8a6a2c5457429cb1176b8\postgresql-42.5.4.jar;C:\Users\bpservice.ir\.gradle\caches\modules-2\files-2.1\org.hibernate.orm\hibernate-core\6.1.7.Final\343f47b34c96fe9c44bf9b219a7b3c5d6d2fc90e\hibernate-core-6.1.7.Final.jar;C:\Users\bpservice.ir\.gradle\caches\modules-2\files-2.1\org.checkerframework\checker-qual\3.5.0\2f50520c8abea66fbd8d26e481d3aef5c673b510\checker-qual-3.5.0.jar;C:\Users\bpservice.ir\.gradle\caches\modules-2\files-2.1\jakarta.persistence\jakarta.persistence-api\3.0.0\affc7884a85b6876d438a88b5d21ea29b1cc2dd8\jakarta.persistence-api-3.0.0.jar;C:\Users\bpservice.ir\.gradle\caches\modules-2\files-2.1\jakarta.transaction\jakarta.transaction-api\2.0.0\24a0525b4acfbca4086d2f1278be3a084fe1c67d\jakarta.transaction-api-2.0.0.jar;C:\Users\bpservice.ir\.gradle\caches\modules-2\files-2.1\org.jboss.logging\jboss-logging\3.4.3.Final\c4bd7e12a745c0e7f6cf98c45cdcdf482fd827ea\jboss-logging-3.4.3.Final.jar;C:\Users\bpservice.ir\.gradle\caches\modules-2\files-2.1\org.hibernate.common\hibernate-commons-annotations\6.0.6.Final\77a5f94b56d49508e0ee334751db5b78e5ccd50c\hibernate-commons-annotations-6.0.6.Final.jar;C:\Users\bpservice.ir\.gradle\caches\modules-2\files-2.1\org.jboss\jandex\2.4.2.Final\1e1c385990b258ff1a24c801e84aebbacf70eb39\jandex-2.4.2.Final.jar;C:\Users\bpservice.ir\.gradle\caches\modules-2\files-2.1\com.fasterxml\classmate\1.5.1\3fe0bed568c62df5e89f4f174c101eab25345b6c\classmate-1.5.1.jar;C:\Users\bpservice.ir\.gradle\caches\modules-2\files-2.1\net.bytebuddy\byte-buddy\1.12.18\875a9c3f29d2f6f499dfd60d76e97a343f9b1233\byte-buddy-1.12.18.jar;C:\Users\bpservice.ir\.gradle\caches\modules-2\files-2.1\org.glassfish.jaxb\jaxb-runtime\3.0.2\9897322f5de201bfbfcd1f4f46ffdd4204673b3c\jaxb-runtime-3.0.2.jar;C:\Users\bpservice.ir\.gradle\caches\modules-2\files-2.1\org.glassfish.jaxb\jaxb-core\3.0.2\e83d0b0005525ddd8b8642bd0bb02227fcf871f1\jaxb-core-3.0.2.jar;C:\Users\bpservice.ir\.gradle\caches\modules-2\files-2.1\jakarta.xml.bind\jakarta.xml.bind-api\3.0.1\5257932df36ff3e4e6de50429dde946490a6a800\jakarta.xml.bind-api-3.0.1.jar;C:\Users\bpservice.ir\.gradle\caches\modules-2\files-2.1\jakarta.inject\jakarta.inject-api\2.0.0\46fc8560b6fd17b78396d88f39c1a730457671f0\jakarta.inject-api-2.0.0.jar;C:\Users\bpservice.ir\.gradle\caches\modules-2\files-2.1\org.antlr\antlr4-runtime\4.10.1\10839f875928f59c622d675091d51a43ea0dc5f7\antlr4-runtime-4.10.1.jar;C:\Users\bpservice.ir\.gradle\caches\modules-2\files-2.1\com.sun.activation\jakarta.activation\2.0.1\828b80e886a52bb09fe41ff410b10b342f533ce1\jakarta.activation-2.0.1.jar;C:\Users\bpservice.ir\.gradle\caches\modules-2\files-2.1\org.glassfish.jaxb\txw2\3.0.2\8c448a44cdcdbb5dd48ff2eb88cab858ed52cf91\txw2-3.0.2.jar;C:\Users\bpservice.ir\.gradle\caches\modules-2\files-2.1\com.sun.istack\istack-commons-runtime\4.0.1\4e25c41d338aad4a2c92d0020c9ae0335fad5099\istack-commons-runtime-4.0.1.jar
Launcher Type: SUN_STANDARD

[Global flags]
     intx CICompilerCount                          = 4                                         {product} {ergonomic}
     uint ConcGCThreads                            = 2                                         {product} {ergonomic}
     uint G1ConcRefinementThreads                  = 8                                         {product} {ergonomic}
   size_t G1HeapRegionSize                         = 1048576                                   {product} {ergonomic}
    uintx GCDrainStackTargetSize                   = 64                                        {product} {ergonomic}
   size_t InitialHeapSize                          = 130023424                                 {product} {ergonomic}
   size_t MarkStackSize                            = 4194304                                   {product} {ergonomic}
   size_t MaxHeapSize                              = 2067791872                                {product} {ergonomic}
   size_t MaxNewSize                               = 1240465408                                {product} {ergonomic}
   size_t MinHeapDeltaBytes                        = 1048576                                   {product} {ergonomic}
   size_t MinHeapSize                              = 8388608                                   {product} {ergonomic}
    uintx NonNMethodCodeHeapSize                   = 5839372                                {pd product} {ergonomic}
    uintx NonProfiledCodeHeapSize                  = 122909434                              {pd product} {ergonomic}
    uintx ProfiledCodeHeapSize                     = 122909434                              {pd product} {ergonomic}
    uintx ReservedCodeCacheSize                    = 251658240                              {pd product} {ergonomic}
     bool SegmentedCodeCache                       = true                                      {product} {ergonomic}
   size_t SoftMaxHeapSize                          = 2067791872                             {manageable} {ergonomic}
     bool UseCompressedClassPointers               = true                           {product lp64_product} {ergonomic}
     bool UseCompressedOops                        = true                           {product lp64_product} {ergonomic}
     bool UseG1GC                                  = true                                      {product} {ergonomic}
     bool UseLargePagesIndividualAllocation        = false                                  {pd product} {ergonomic}

Logging:
Log output configuration:
 #0: stdout all=warning uptime,level,tags foldmultilines=false
 #1: stderr all=off uptime,level,tags foldmultilines=false

Environment Variables:
PATH=C:\Program Files\Common Files\Oracle\Java\javapath;C:\Program Files (x86)\Common Files\Oracle\Java\javapath;C:\Windows\system32;C:\Windows;C:\Windows\System32\Wbem;C:\Windows\System32\WindowsPowerShell\v1.0\;C:\Windows\System32\OpenSSH\;C:\Program Files (x86)\NVIDIA Corporation\PhysX\Common;C:\Program Files\NVIDIA Corporation\NVIDIA NvDLISR;C:\Program Files\Microsoft SQL Server\130\Tools\Binn\;C:\WINDOWS\system32;C:\WINDOWS;C:\WINDOWS\System32\Wbem;C:\WINDOWS\System32\WindowsPowerShell\v1.0\;C:\WINDOWS\System32\OpenSSH\;C:\Users\bpservice.ir\AppData\Local\Programs\Python\Python311\Scripts\;C:\Users\bpservice.ir\AppData\Local\Programs\Python\Python311\;C:\Users\bpservice.ir\AppData\Local\Microsoft\WindowsApps;C:\Users\bpservice.ir\AppData\Local\Programs\Microsoft VS Code\bin;C:\Users\bpservice.ir\AppData\Local\Programs\Python\Python311\Scripts;;C:\Program Files\JetBrains\IntelliJ IDEA Community Edition 2023.2.4\bin;;C:\Program Files\JetBrains\IntelliJ IDEA 2023.2.1\bin;;C:\Program Files\JetBrains\DataGrip 2023.3.1\bin;
USERNAME=bpservice.ir
OS=Windows_NT
PROCESSOR_IDENTIFIER=Intel64 Family 6 Model 140 Stepping 1, GenuineIntel
TMP=C:\Users\BPSERV~1.IR\AppData\Local\Temp
TEMP=C:\Users\BPSERV~1.IR\AppData\Local\Temp



---------------  S Y S T E M  ---------------

OS:
 Windows 11 , 64 bit Build 22621 (10.0.22621.2506)
OS uptime: 1 days 2:58 hours

CPU: total 8 (initial active 8) (4 cores per cpu, 2 threads per core) family 6 model 140 stepping 1 microcode 0x9a, cx8, cmov, fxsr, ht, mmx, 3dnowpref, sse, sse2, sse3, ssse3, sse4.1, sse4.2, popcnt, lzcnt, tsc, tscinvbit, avx, avx2, aes, erms, clmul, bmi1, bmi2, adx, avx512f, avx512dq, avx512cd, avx512bw, avx512vl, sha, fma, vzeroupper, avx512_vpopcntdq, avx512_vpclmulqdq, avx512_vaes, avx512_vnni, clflush, clflushopt, clwb, avx512_vbmi2, avx512_vbmi, rdtscp, rdpid, fsrm, gfni, avx512_bitalg

Memory: 4k page, system-wide physical 7884M (751M free)
TotalPageFile size 11980M (AvailPageFile size 1M)
current process WorkingSet (physical memory assigned to process): 77M, peak: 77M
current process commit charge ("private bytes"): 226M, peak: 226M

vm_info: OpenJDK 64-Bit Server VM (19.0.2+7-44) for windows-amd64 JRE (19.0.2+7-44), built on 2022-11-30T18:02:09Z by "mach5one" with MS VC++ 17.1 (VS2022)

END.
